2025-01-31 09:34:03,050 [INFO] Activator:176 - 


2025-01-31 09:34:03,051 [INFO] Activator:177 - !SESSION log4j initialized
2025-01-31 09:34:05,383 [INFO] LogOutputStream:77 - [STDOUT_REDIRECT] 
2025-01-31 09:34:06,645 [INFO] ApplicationProperties:184 - Using Application install path: C:\ST\STM32CubeIDE_1.17.0\STM32CubeIDE\plugins\com.st.stm32cube.common.mx_6.13.0.202411220809
2025-01-31 09:34:06,657 [INFO] DbMcusXml:78 - Set database path to: C:\ST\STM32CubeIDE_1.17.0\STM32CubeIDE\plugins\com.st.stm32cube.common.mx_6.13.0.202411220809\\db\/mcu/
2025-01-31 09:34:06,657 [INFO] ApiDb:274 - Set plugin database path to: C:\ST\STM32CubeIDE_1.17.0\STM32CubeIDE\plugins\com.st.stm32cube.common.mx_6.13.0.202411220809\\db\/plugins/boardmanager/
2025-01-31 09:34:06,658 [WARN] ApiDb:259 - Overriding images path with different value:  => C:\ST\STM32CubeIDE_1.17.0\STM32CubeIDE\plugins\com.st.stm32cube.common.mx_6.13.0.202411220809\\db\/plugins/mcufinder/images/
2025-01-31 09:34:06,662 [INFO] ApiDb:250 - Set database path to: C:\Users\cp199\.stmcufinder\plugins\mcufinder//mcu/
2025-01-31 09:34:06,663 [INFO] DbMcusAds:125 - Set database path to: C:\Users\cp199\.stmcufinder\plugins\mcufinder//mcu/
2025-01-31 09:34:06,664 [INFO] CrossReferenceDbSqlite:203 - Set database path to: C:\Users\cp199\.stmcufinder\plugins\mcufinder//mcu/cs/
2025-01-31 09:34:06,742 [INFO] RulesReader:64 - Compatibility file has been processed (297 Rules)
2025-01-31 09:34:06,797 [INFO] DbMcusXml:78 - Set database path to: C:\ST\STM32CubeIDE_1.17.0\STM32CubeIDE\plugins\com.st.stm32cube.common.mx_6.13.0.202411220809\\db\/mcu/
2025-01-31 09:34:06,797 [INFO] ApiDb:274 - Set plugin database path to: C:\ST\STM32CubeIDE_1.17.0\STM32CubeIDE\plugins\com.st.stm32cube.common.mx_6.13.0.202411220809\\db\/plugins/boardmanager/
2025-01-31 09:34:06,797 [INFO] ApiDb:261 - Set plugin images path to: C:\ST\STM32CubeIDE_1.17.0\STM32CubeIDE\plugins\com.st.stm32cube.common.mx_6.13.0.202411220809\\db\/plugins/mcufinder/images/
2025-01-31 09:34:06,797 [WARN] DbFile:41 - Overriding database path with different value: C:\Users\cp199\.stmcufinder\plugins\mcufinder/ => C:\Users\cp199\.stmcufinder\plugins\mcufinder
2025-01-31 09:34:06,797 [INFO] ApiDb:250 - Set database path to: C:\Users\cp199\.stmcufinder\plugins\mcufinder//mcu/
2025-01-31 09:34:06,797 [WARN] DbFile:41 - Overriding database path with different value: C:\Users\cp199\.stmcufinder\plugins\mcufinder/ => C:\Users\cp199\.stmcufinder\plugins\mcufinder
2025-01-31 09:34:06,797 [INFO] DbMcusAds:125 - Set database path to: C:\Users\cp199\.stmcufinder\plugins\mcufinder//mcu/
2025-01-31 09:34:06,797 [WARN] DbFile:41 - Overriding database path with different value: C:\Users\cp199\.stmcufinder\plugins\mcufinder/ => C:\Users\cp199\.stmcufinder\plugins\mcufinder
2025-01-31 09:34:06,797 [WARN] DbFile:41 - Overriding database path with different value: C:\Users\cp199\.stmcufinder\plugins\mcufinder/ => C:\Users\cp199\.stmcufinder\plugins\mcufinder
2025-01-31 09:34:06,798 [INFO] CrossReferenceDbSqlite:203 - Set database path to: C:\Users\cp199\.stmcufinder\plugins\mcufinder//mcu/cs/
2025-01-31 09:34:06,846 [INFO] MainPanel:272 - HeapMemory: 268435456
2025-01-31 09:34:06,914 [INFO] DbMcusXml:78 - Set database path to: C:\ST\STM32CubeIDE_1.17.0\STM32CubeIDE\plugins\com.st.stm32cube.common.mx_6.13.0.202411220809\\db\/mcu/
2025-01-31 09:34:06,914 [INFO] ApiDb:274 - Set plugin database path to: C:\ST\STM32CubeIDE_1.17.0\STM32CubeIDE\plugins\com.st.stm32cube.common.mx_6.13.0.202411220809\\db\/plugins/boardmanager/
2025-01-31 09:34:06,914 [INFO] ApiDb:261 - Set plugin images path to: C:\ST\STM32CubeIDE_1.17.0\STM32CubeIDE\plugins\com.st.stm32cube.common.mx_6.13.0.202411220809\\db\/plugins/mcufinder/images/
2025-01-31 09:34:06,914 [WARN] DbFile:41 - Overriding database path with different value: C:\Users\cp199\.stmcufinder\plugins\mcufinder/ => C:\Users\cp199\.stmcufinder\plugins\mcufinder
2025-01-31 09:34:06,915 [INFO] ApiDb:250 - Set database path to: C:\Users\cp199\.stmcufinder\plugins\mcufinder//mcu/
2025-01-31 09:34:06,915 [WARN] DbFile:41 - Overriding database path with different value: C:\Users\cp199\.stmcufinder\plugins\mcufinder/ => C:\Users\cp199\.stmcufinder\plugins\mcufinder
2025-01-31 09:34:06,915 [INFO] DbMcusAds:125 - Set database path to: C:\Users\cp199\.stmcufinder\plugins\mcufinder//mcu/
2025-01-31 09:34:06,915 [WARN] DbFile:41 - Overriding database path with different value: C:\Users\cp199\.stmcufinder\plugins\mcufinder/ => C:\Users\cp199\.stmcufinder\plugins\mcufinder
2025-01-31 09:34:06,915 [WARN] DbFile:41 - Overriding database path with different value: C:\Users\cp199\.stmcufinder\plugins\mcufinder/ => C:\Users\cp199\.stmcufinder\plugins\mcufinder
2025-01-31 09:34:06,915 [INFO] CrossReferenceDbSqlite:203 - Set database path to: C:\Users\cp199\.stmcufinder\plugins\mcufinder//mcu/cs/
2025-01-31 09:34:06,927 [INFO] ApplicationProperties:184 - Using Application install path: C:\ST\STM32CubeIDE_1.17.0\STM32CubeIDE\plugins\com.st.stm32cube.common.mx_6.13.0.202411220809
2025-01-31 09:34:06,928 [INFO] PluginManage:196 - Search for loadable plugins [exclusion list=, ]
2025-01-31 09:34:06,928 [INFO] PluginManage:310 - Check plugin analytics
2025-01-31 09:34:07,039 [INFO] AnalyticsPlugin:253 - Accepted Software Licenses: 
2025-01-31 09:34:07,040 [INFO] AnalyticsPlugin:255 - Accepted CMSIS Pack Licenses: 
2025-01-31 09:34:07,040 [INFO] AnalyticsPlugin:257 - Accepted Firmware Licenses: FW.F4.1.28.0
2025-01-31 09:34:07,041 [INFO] PluginManage:359 - Loaded plugin analytics (category:tool,tabindex:-1)
2025-01-31 09:34:07,042 [INFO] PluginManage:310 - Check plugin cadmodel
2025-01-31 09:34:07,052 [INFO] CADModel:105 - Init CAD model plugin
2025-01-31 09:34:07,053 [INFO] PluginManage:359 - Loaded plugin cadmodel (category:power,tabindex:5)
2025-01-31 09:34:07,053 [INFO] PluginManage:310 - Check plugin clock
2025-01-31 09:34:07,065 [INFO] PluginManage:359 - Loaded plugin clock (category:base,tabindex:2)
2025-01-31 09:34:07,065 [INFO] PluginManage:310 - Check plugin ddr
2025-01-31 09:34:07,067 [INFO] PluginManage:359 - Loaded plugin ddr (category:tool,tabindex:6)
2025-01-31 09:34:07,067 [INFO] PluginManage:310 - Check plugin filemanager
2025-01-31 09:34:07,190 [INFO] PluginManage:359 - Loaded plugin filemanager (category:base,tabindex:10)
2025-01-31 09:34:07,191 [INFO] PluginManage:310 - Check plugin ipmanager
2025-01-31 09:34:07,196 [INFO] PluginManage:359 - Loaded plugin ipmanager (category:base,tabindex:5)
2025-01-31 09:34:07,196 [INFO] PluginManage:310 - Check plugin lpbam
2025-01-31 09:34:07,209 [INFO] PluginManage:359 - Loaded plugin lpbam (category:base,tabindex:0)
2025-01-31 09:34:07,209 [INFO] PluginManage:310 - Check plugin memorymap
2025-01-31 09:34:07,225 [INFO] PluginManage:359 - Loaded plugin memorymap (category:base,tabindex:4)
2025-01-31 09:34:07,225 [INFO] PluginManage:310 - Check plugin pinoutandconfiguration
2025-01-31 09:34:07,237 [INFO] PluginManage:359 - Loaded plugin pinoutandconfiguration (category:base,tabindex:1)
2025-01-31 09:34:07,237 [INFO] PluginManage:310 - Check plugin pinoutconfig
2025-01-31 09:34:07,297 [WARN] SupportedApi:132 - Cannot load RTOS API schema: s4s-elt-must-match.1: The content of 'definitions' must match (annotation?, (simpleType | complexType)?, (unique | key | keyref)*)). A problem was found starting at: attribute.
2025-01-31 09:34:07,370 [INFO] PluginManage:359 - Loaded plugin pinoutconfig (category:base,tabindex:0)
2025-01-31 09:34:07,371 [INFO] PluginManage:310 - Check plugin power
2025-01-31 09:34:07,382 [INFO] PluginManage:359 - Loaded plugin power (category:power,tabindex:4)
2025-01-31 09:34:07,383 [INFO] PluginManage:310 - Check plugin projectmanager
2025-01-31 09:34:07,393 [INFO] PluginManage:359 - Loaded plugin projectmanager (category:projectmanager,tabindex:4)
2025-01-31 09:34:07,393 [INFO] PluginManage:310 - Check plugin rif
2025-01-31 09:34:07,406 [INFO] PluginManage:359 - Loaded plugin rif (category:base,tabindex:3)
2025-01-31 09:34:07,406 [INFO] PluginManage:310 - Check plugin thirdparty
2025-01-31 09:34:07,589 [INFO] PluginManage:359 - Loaded plugin thirdparty (category:base,tabindex:-1)
2025-01-31 09:34:07,589 [WARN] IntegrityCheckThread:84 - waiting for thirdparty lock release [integrity check]
2025-01-31 09:34:07,589 [INFO] PluginManage:310 - Check plugin tools
2025-01-31 09:34:07,589 [INFO] IntegrityCheckThread:86 - entering critical section [integrity check]
2025-01-31 09:34:07,589 [INFO] ThirdPartyUpdaterWithRetryManager:70 - Updater plugin not ready yet. [1/15]
2025-01-31 09:34:07,612 [INFO] PluginManage:359 - Loaded plugin tools (category:base,tabindex:7)
2025-01-31 09:34:07,612 [INFO] PluginManage:310 - Check plugin tutovideos
2025-01-31 09:34:07,727 [INFO] PluginManage:359 - Loaded plugin tutovideos (category:base,tabindex:-1)
2025-01-31 09:34:07,728 [INFO] PluginManage:310 - Check plugin updater
2025-01-31 09:34:07,739 [INFO] PluginManage:359 - Loaded plugin updater (category:base,tabindex:12)
2025-01-31 09:34:07,739 [INFO] PluginManage:310 - Check plugin userauth
2025-01-31 09:34:07,742 [INFO] UserAuth:118 - Init User Auth plugin
2025-01-31 09:34:07,743 [INFO] PluginManage:359 - Loaded plugin userauth (category:base,tabindex:14)
2025-01-31 09:34:07,743 [INFO] PluginManage:283 - PluginManage : Loaded plugins [18]
2025-01-31 09:34:07,871 [INFO] PinOutPanel:1589 - setPackage(No Configuration,No Configuration)
2025-01-31 09:34:07,921 [INFO] CADModel:165 - CPN selected for project level
2025-01-31 09:34:07,921 [INFO] CADModel:114 - Register for checkConnection events
2025-01-31 09:34:07,939 [INFO] IPUIPlugin:80 - create IPUIPlugin
2025-01-31 09:34:07,939 [INFO] PluginManager:220 - loadIPPluginJar : add adc
2025-01-31 09:34:07,967 [INFO] IPUIPlugin:80 - create IPUIPlugin
2025-01-31 09:34:07,967 [INFO] PluginManager:220 - loadIPPluginJar : add aes
2025-01-31 09:34:08,000 [INFO] IPUIPlugin:80 - create IPUIPlugin
2025-01-31 09:34:08,000 [INFO] PluginManager:220 - loadIPPluginJar : add can
2025-01-31 09:34:08,019 [INFO] IPUIPlugin:80 - create IPUIPlugin
2025-01-31 09:34:08,019 [INFO] PluginManager:220 - loadIPPluginJar : add comp
2025-01-31 09:34:08,042 [INFO] IPUIPlugin:80 - create IPUIPlugin
2025-01-31 09:34:08,042 [INFO] PluginManager:220 - loadIPPluginJar : add cryp
2025-01-31 09:34:08,052 [INFO] IPUIPlugin:80 - create IPUIPlugin
2025-01-31 09:34:08,052 [INFO] PluginManager:220 - loadIPPluginJar : add ddr_ctrl_phy
2025-01-31 09:34:08,072 [INFO] IPUIPlugin:80 - create IPUIPlugin
2025-01-31 09:34:08,072 [INFO] PluginManager:220 - loadIPPluginJar : add dfsdm
2025-01-31 09:34:08,080 [INFO] IPUIPlugin:80 - create IPUIPlugin
2025-01-31 09:34:08,081 [INFO] PluginManager:220 - loadIPPluginJar : add dma
2025-01-31 09:34:08,106 [INFO] IPUIPlugin:80 - create IPUIPlugin
2025-01-31 09:34:08,107 [INFO] PluginManager:220 - loadIPPluginJar : add dma3
2025-01-31 09:34:08,137 [INFO] IPUIPlugin:80 - create IPUIPlugin
2025-01-31 09:34:08,137 [INFO] PluginManager:220 - loadIPPluginJar : add extmemmanager
2025-01-31 09:34:08,151 [INFO] IPUIPlugin:80 - create IPUIPlugin
2025-01-31 09:34:08,151 [INFO] PluginManager:220 - loadIPPluginJar : add fatfs
2025-01-31 09:34:08,182 [INFO] IPUIPlugin:80 - create IPUIPlugin
2025-01-31 09:34:08,182 [INFO] PluginManager:220 - loadIPPluginJar : add fmc
2025-01-31 09:34:08,194 [INFO] IPUIPlugin:80 - create IPUIPlugin
2025-01-31 09:34:08,194 [INFO] PluginManager:220 - loadIPPluginJar : add freertos
2025-01-31 09:34:08,210 [INFO] IPUIPlugin:80 - create IPUIPlugin
2025-01-31 09:34:08,210 [INFO] PluginManager:220 - loadIPPluginJar : add genericplugin
2025-01-31 09:34:08,270 [INFO] IPUIPlugin:80 - create IPUIPlugin
2025-01-31 09:34:08,270 [INFO] PluginManager:220 - loadIPPluginJar : add gfxmmu
2025-01-31 09:34:08,356 [INFO] IPUIPlugin:80 - create IPUIPlugin
2025-01-31 09:34:08,356 [INFO] PluginManager:220 - loadIPPluginJar : add gic
2025-01-31 09:34:08,366 [INFO] IPUIPlugin:80 - create IPUIPlugin
2025-01-31 09:34:08,366 [INFO] PluginManager:220 - loadIPPluginJar : add gpio
2025-01-31 09:34:08,431 [INFO] IPUIPlugin:80 - create IPUIPlugin
2025-01-31 09:34:08,431 [INFO] PluginManager:220 - loadIPPluginJar : add gtzc
2025-01-31 09:34:08,452 [INFO] IPUIPlugin:80 - create IPUIPlugin
2025-01-31 09:34:08,452 [INFO] PluginManager:220 - loadIPPluginJar : add hash
2025-01-31 09:34:08,486 [INFO] IPUIPlugin:80 - create IPUIPlugin
2025-01-31 09:34:08,486 [INFO] PluginManager:220 - loadIPPluginJar : add i2c
2025-01-31 09:34:08,517 [INFO] IPUIPlugin:80 - create IPUIPlugin
2025-01-31 09:34:08,517 [INFO] PluginManager:220 - loadIPPluginJar : add i2s
2025-01-31 09:34:08,545 [INFO] IPUIPlugin:80 - create IPUIPlugin
2025-01-31 09:34:08,546 [INFO] PluginManager:220 - loadIPPluginJar : add i3c
2025-01-31 09:34:08,611 [INFO] IPUIPlugin:80 - create IPUIPlugin
2025-01-31 09:34:08,611 [INFO] PluginManager:220 - loadIPPluginJar : add ipddr
2025-01-31 09:34:08,671 [INFO] IPUIPlugin:80 - create IPUIPlugin
2025-01-31 09:34:08,671 [INFO] PluginManager:220 - loadIPPluginJar : add linkedlist
2025-01-31 09:34:08,695 [INFO] IPUIPlugin:80 - create IPUIPlugin
2025-01-31 09:34:08,696 [INFO] PluginManager:220 - loadIPPluginJar : add lorawan
2025-01-31 09:34:08,720 [INFO] IPUIPlugin:80 - create IPUIPlugin
2025-01-31 09:34:08,720 [INFO] PluginManager:220 - loadIPPluginJar : add ltdc
2025-01-31 09:34:08,732 [INFO] IPUIPlugin:80 - create IPUIPlugin
2025-01-31 09:34:08,732 [INFO] PluginManager:220 - loadIPPluginJar : add mdma
2025-01-31 09:34:08,740 [INFO] IPUIPlugin:80 - create IPUIPlugin
2025-01-31 09:34:08,740 [INFO] PluginManager:220 - loadIPPluginJar : add nvic
2025-01-31 09:34:08,765 [INFO] IPUIPlugin:80 - create IPUIPlugin
2025-01-31 09:34:08,766 [INFO] PluginManager:220 - loadIPPluginJar : add opamp
2025-01-31 09:34:08,805 [INFO] IPUIPlugin:80 - create IPUIPlugin
2025-01-31 09:34:08,805 [INFO] PluginManager:220 - loadIPPluginJar : add openamp
2025-01-31 09:34:08,832 [INFO] IPUIPlugin:80 - create IPUIPlugin
2025-01-31 09:34:08,833 [INFO] PluginManager:220 - loadIPPluginJar : add pdm2pcm
2025-01-31 09:34:08,841 [INFO] IPUIPlugin:80 - create IPUIPlugin
2025-01-31 09:34:08,842 [INFO] PluginManager:220 - loadIPPluginJar : add plateformsettings
2025-01-31 09:34:08,859 [INFO] IPUIPlugin:80 - create IPUIPlugin
2025-01-31 09:34:08,859 [INFO] PluginManager:220 - loadIPPluginJar : add quadspi
2025-01-31 09:34:08,878 [INFO] IPUIPlugin:80 - create IPUIPlugin
2025-01-31 09:34:08,878 [INFO] PluginManager:220 - loadIPPluginJar : add radio
2025-01-31 09:34:08,888 [INFO] IPUIPlugin:80 - create IPUIPlugin
2025-01-31 09:34:08,888 [INFO] PluginManager:220 - loadIPPluginJar : add resmgrutility
2025-01-31 09:34:08,921 [INFO] IPUIPlugin:80 - create IPUIPlugin
2025-01-31 09:34:08,921 [INFO] PluginManager:220 - loadIPPluginJar : add sai
2025-01-31 09:34:08,946 [INFO] IPUIPlugin:80 - create IPUIPlugin
2025-01-31 09:34:08,946 [INFO] PluginManager:220 - loadIPPluginJar : add spi
2025-01-31 09:34:08,990 [INFO] IPUIPlugin:80 - create IPUIPlugin
2025-01-31 09:34:08,990 [INFO] PluginManager:220 - loadIPPluginJar : add stm32_wpan
2025-01-31 09:34:09,009 [INFO] IPUIPlugin:80 - create IPUIPlugin
2025-01-31 09:34:09,009 [INFO] PluginManager:220 - loadIPPluginJar : add tim
2025-01-31 09:34:09,051 [INFO] IPUIPlugin:80 - create IPUIPlugin
2025-01-31 09:34:09,051 [INFO] PluginManager:220 - loadIPPluginJar : add touchsensing
2025-01-31 09:34:09,069 [INFO] IPUIPlugin:80 - create IPUIPlugin
2025-01-31 09:34:09,069 [INFO] PluginManager:220 - loadIPPluginJar : add tracer_emb
2025-01-31 09:34:09,086 [INFO] IPUIPlugin:80 - create IPUIPlugin
2025-01-31 09:34:09,086 [INFO] PluginManager:220 - loadIPPluginJar : add ts
2025-01-31 09:34:09,103 [INFO] IPUIPlugin:80 - create IPUIPlugin
2025-01-31 09:34:09,105 [INFO] PluginManager:220 - loadIPPluginJar : add tsc
2025-01-31 09:34:09,119 [INFO] IPUIPlugin:80 - create IPUIPlugin
2025-01-31 09:34:09,119 [INFO] PluginManager:220 - loadIPPluginJar : add ucpd
2025-01-31 09:34:09,149 [INFO] IPUIPlugin:80 - create IPUIPlugin
2025-01-31 09:34:09,149 [INFO] PluginManager:220 - loadIPPluginJar : add usart
2025-01-31 09:34:09,182 [INFO] IPUIPlugin:80 - create IPUIPlugin
2025-01-31 09:34:09,182 [INFO] PluginManager:220 - loadIPPluginJar : add usbx
2025-01-31 09:34:09,290 [FATAL] Updater:351 - Updater called before beeing initialized
2025-01-31 09:34:09,308 [INFO] RulesReader:64 - Compatibility file has been processed (297 Rules)
2025-01-31 09:34:09,314 [INFO] RulesReader:64 - Compatibility file has been processed (297 Rules)
2025-01-31 09:34:09,320 [INFO] CADModel:165 - CPN selected for project level
2025-01-31 09:34:09,320 [INFO] CADModel:114 - Register for checkConnection events
2025-01-31 09:34:09,320 [FATAL] Updater:351 - Updater called before beeing initialized
2025-01-31 09:34:09,320 [ERROR] CADModel:125 - Updater not yet initialized, retry later 
2025-01-31 09:34:09,441 [FATAL] Updater:351 - Updater called before beeing initialized
2025-01-31 09:34:09,442 [INFO] CADModel:165 - CPN selected for project level
2025-01-31 09:34:09,442 [INFO] CADModel:114 - Register for checkConnection events
2025-01-31 09:34:09,442 [FATAL] Updater:351 - Updater called before beeing initialized
2025-01-31 09:34:09,442 [ERROR] CADModel:125 - Updater not yet initialized, retry later 
2025-01-31 09:34:09,444 [FATAL] Updater:351 - Updater called before beeing initialized
2025-01-31 09:34:09,515 [FATAL] Updater:351 - Updater called before beeing initialized
2025-01-31 09:34:09,523 [INFO] DbMcusAds:53 - JSON generation date=Tue Dec 17 10:01:15 CST 2024 (1734451275111)
2025-01-31 09:34:09,523 [FATAL] Updater:351 - Updater called before beeing initialized
2025-01-31 09:34:09,550 [WARN] DetailPanel:346 - Failed to get advertising image, set to default
2025-01-31 09:34:09,686 [FATAL] Updater:351 - Updater called before beeing initialized
2025-01-31 09:34:09,687 [FATAL] Updater:351 - Updater called before beeing initialized
2025-01-31 09:34:09,687 [FATAL] Updater:351 - Updater called before beeing initialized
2025-01-31 09:34:09,687 [WARN] DetailPanel:346 - Failed to get advertising image, set to default
2025-01-31 09:34:09,688 [FATAL] Updater:351 - Updater called before beeing initialized
2025-01-31 09:34:09,728 [ERROR] Updater:1198 - MainUpdater not yet initialized. External WinMGr cannot be set.
2025-01-31 09:34:09,736 [INFO] Updater:1134 - Updater Version found : 6.13.0
2025-01-31 09:34:09,746 [INFO] ApplicationProperties:184 - Using Application install path: C:\ST\STM32CubeIDE_1.17.0\STM32CubeIDE\plugins\com.st.stm32cube.common.mx_6.13.0.202411220809
2025-01-31 09:34:10,590 [INFO] ThirdPartyUpdaterWithRetryManager:70 - Updater plugin not ready yet. [2/15]
2025-01-31 09:34:11,325 [ERROR] LogOutputStream:75 - [STDERR_REDIRECT] Jan 31, 2025 9:34:11 AM java.util.prefs.WindowsPreferences <init>
2025-01-31 09:34:11,325 [ERROR] LogOutputStream:75 - [STDERR_REDIRECT] WARNING: Could not open/create prefs root node Software\JavaSoft\Prefs at root 0xffffffff80000002. Windows RegCreateKeyEx(...) returned error code 5.
2025-01-31 09:34:11,326 [ERROR] LogOutputStream:75 - [STDERR_REDIRECT] 
2025-01-31 09:34:11,626 [INFO] MainUpdater:2872 - connection check result : 10
2025-01-31 09:34:11,627 [INFO] MainUpdater:289 - Updater Check For Update Now.
2025-01-31 09:34:11,627 [INFO] MicroXplorer:498 - Change Database Version : DB.6.0.130
2025-01-31 09:34:11,639 [INFO] McuFinderGlobals:63 - Set McuFinder mode to 2 (CubeIDE integrated)
2025-01-31 09:34:11,639 [INFO] UserAuth:171 - activating auth plugin
2025-01-31 09:34:11,642 [INFO] UserAuth:486 - Internet connection configuration mode: 1
2025-01-31 09:34:11,671 [INFO] JxBrowserEngine:152 - Initiate JxBrowser Engine with user profile folder
2025-01-31 09:34:11,837 [INFO] CheckServerUpdateThread:120 - End of CheckServer Thread
2025-01-31 09:34:12,163 [INFO] McuFinderGlobals:63 - Set McuFinder mode to 2 (CubeIDE integrated)
2025-01-31 09:34:12,181 [INFO] MainUpdater:2872 - connection check result : 10
2025-01-31 09:34:12,216 [INFO] WebApp:168 - Instantiating new browser for Auth
2025-01-31 09:34:12,821 [INFO] ApiDb:581 - Connected to CubeFinder SQLite database (C:\Users\cp199\.stmcufinder\plugins\mcufinder\mcu\cube-finder-db.db)
2025-01-31 09:34:12,840 [INFO] WebApp:449 - Apply proxy settings
2025-01-31 09:34:12,840 [INFO] WebApp:534 - Chromium requires no authentication
2025-01-31 09:34:12,848 [INFO] WebApp:477 - Direct internet connection detected
2025-01-31 09:34:12,868 [INFO] WebApp:880 - Register for checkConnection events
2025-01-31 09:34:12,869 [INFO] WebApp:449 - Apply proxy settings
2025-01-31 09:34:12,869 [INFO] WebApp:534 - Chromium requires no authentication
2025-01-31 09:34:12,869 [INFO] WebApp:477 - Direct internet connection detected
2025-01-31 09:34:12,889 [INFO] ApiDb:668 - CubeFinder database Data Model version=2.1
2025-01-31 09:34:12,889 [INFO] ApiDb:669 - CubeFinder database Configuration version=3.0.39
2025-01-31 09:34:12,890 [INFO] ApiDb:670 - CubeFinder database generation date=2024-12-10 (1733817889)
2025-01-31 09:34:12,890 [INFO] ApiDb:671 - CubeFinder database FW Pack versions=[FP-ATR-ASTRA1_V2.0.0, FP-SNS-FLIGHT1_V5.0.2, FP-SNS-MOTENV1_V5.0.0, FP-SNS-MOTENVWB1_V1.4.0, FP-SNS-SMARTAG2_V1.2.0, FP-SNS-STBOX1_V2.0.0, STM32Cube_FW_C0_V1.3.0, STM32Cube_FW_F4_V1.28.1, STM32Cube_FW_F7_V1.17.2, STM32Cube_FW_G0_V1.6.2, STM32Cube_FW_G4_V1.6.1, STM32Cube_FW_H5_V1.4.0, STM32Cube_FW_H7RS_V1.1.0, STM32Cube_FW_H7_V1.12.0, STM32Cube_FW_L0_V1.12.2, STM32Cube_FW_L4_V1.18.1, STM32Cube_FW_L5_V1.5.1, STM32Cube_FW_N6_V1.0.0, STM32Cube_FW_U0_V1.2.0, STM32Cube_FW_U3_V1.0.0, STM32Cube_FW_U5_V1.7.0, STM32Cube_FW_WB0_V1.1.0, STM32Cube_FW_WBA_V1.5.0, STM32Cube_FW_WB_V1.21.0, STM32Cube_FW_WL3_V1.0.0, STM32Cube_FW_WL_V1.3.0, X-CUBE-ALGOBUILD_V1.4.0, X-CUBE-ALS_V1.0.2, X-CUBE-AZRTOS-F4_V1.1.0, X-CUBE-AZRTOS-F7_V1.1.0, X-CUBE-AZRTOS-G0_V1.1.0, X-CUBE-AZRTOS-G4_V2.0.0, X-CUBE-AZRTOS-H7RS_V1.0.0, X-CUBE-AZRTOS-H7_V3.3.0, X-CUBE-AZRTOS-L4_V2.0.0, X-CUBE-AZRTOS-L5_V2.0.0, X-CUBE-AZRTOS-WB_V2.0.0, X-CUBE-AZRTOS-WL_V2.0.0, X-CUBE-BLE1_V7.0.0, X-CUBE-BLE2_V3.3.0, X-CUBE-BLEMGR_V3.1.0, X-CUBE-EEPRMA1_V5.1.0, X-CUBE-FREERTOS_V1.2.0, X-CUBE-GNSS1_V6.0.0, X-CUBE-MEMS1_V11.0.0, X-CUBE-NFC4_V3.0.0, X-CUBE-NFC7_V1.0.1, X-CUBE-SFXS2LP1_V4.0.0, X-CUBE-SUBG2_V5.0.0, X-CUBE-TOF1_V3.4.2]
2025-01-31 09:34:12,991 [INFO] DbBoardsSqlite:226 - include board P-NUCLEO-WB55-NUCLEO as a kit item of type 'Nucleo-64'
2025-01-31 09:34:12,991 [INFO] DbBoardsSqlite:226 - include board P-NUCLEO-WB55-USBDONGLE as a kit item of type 'Nucleo USB Dongle'
2025-01-31 09:34:12,992 [INFO] DbBoardsSqlite:226 - include board STEVAL-IDP005V1 as a kit item of type 'Evaluation Board'
2025-01-31 09:34:12,992 [INFO] DbBoardsSqlite:226 - include board STEVAL-IDP005V2 as a kit item of type 'Evaluation Board'
2025-01-31 09:34:13,017 [INFO] WebApp:221 - Starting web application
2025-01-31 09:34:13,017 [INFO] WebApp:579 - Web application path used C:\ST\STM32CubeIDE_1.17.0\STM32CubeIDE\plugins\com.st.stm32cube.common.mx_6.13.0.202411220809\db\plugins\mcufinder\reactClient1\index.html
2025-01-31 09:34:13,262 [INFO] ApiDb:240 - Found 858 in-development CPN: [B-G473E-ZEST1S, B-WB1M-WPAN1, B-WBA5M-WPAN, B-WL5M-SUBG1, NUCLEO-C031C6, NUCLEO-C051C8, NUCLEO-C071RB, NUCLEO-C092RC, NUCLEO-H503RB, NUCLEO-H533RE, NUCLEO-H563ZI, NUCLEO-H7S3L8, NUCLEO-N657X0-Q, NUCLEO-U031R8, NUCLEO-U083RC, NUCLEO-U385RG-Q, NUCLEO-U545RE-Q, NUCLEO-U5A5ZJ-Q, NUCLEO-WB05KZ, NUCLEO-WB07CC, NUCLEO-WB09KE, NUCLEO-WBA52CG, NUCLEO-WBA55CG, NUCLEO-WL33CC1, NUCLEO-WL33CC2, STEVAL-PROTEUS1, STEVAL-SMARTAG2, STEVAL-STWINBX1, STM320518-EVAL, STM32C0116-DK, STM32C011D6Y3TR, STM32C011D6Y6TR, STM32C011F4P3, STM32C011F4P6, STM32C011F4U3, STM32C011F4U6TR, STM32C011F6P3, STM32C011F6P6, STM32C011F6U3, STM32C011F6U6TR, STM32C011J4M3, STM32C011J4M6, STM32C011J6M3, STM32C011J6M6, STM32C0316-DK, STM32C031C4T3, STM32C031C4T6, STM32C031C4U3, STM32C031C4U6, STM32C031C6T3, STM32C031C6T6, STM32C031C6U3, STM32C031C6U6, STM32C031F4P3, STM32C031F4P6, STM32C031F6P3, STM32C031F6P6, STM32C031G4U3, STM32C031G4U6, STM32C031G6U3, STM32C031G6U6, STM32C031K4T3, STM32C031K4T6, STM32C031K4U3, STM32C031K4U6, STM32C031K6T3, STM32C031K6T6, STM32C031K6U3, STM32C031K6U6, STM32C051C6T6, STM32C051C6U6, STM32C051C8T6, STM32C051C8U6, STM32C051D8Y6TR, STM32C051F6P6, STM32C051F8P6, STM32C051G6U6, STM32C051G8U6, STM32C051K6T6, STM32C051K6U6, STM32C051K8T6, STM32C071C8T6, STM32C071C8T6N, STM32C071C8U6, STM32C071C8U6N, STM32C071CBT6, STM32C071CBT6N, STM32C071CBU6, STM32C071CBU6N, STM32C071F8P6, STM32C071F8P6N, STM32C071FBP6, STM32C071FBP6N, STM32C071FBY6TR, STM32C071G8U6, STM32C071G8U6N, STM32C071GBU6, STM32C071GBU6N, STM32C071K8T6, STM32C071K8T6N, STM32C071K8U6, STM32C071K8U6N, STM32C071KBT6, STM32C071KBT6N, STM32C071KBU6, STM32C071KBU6N, STM32C071R8T6, STM32C071R8T6N, STM32C071RBI6N, STM32C071RBT6, STM32C071RBT6N, STM32C091CBT6, STM32C091CBU6, STM32C091CCT6, STM32C091CCU6, STM32C091ECY6TR, STM32C091FBP6, STM32C091FCP6, STM32C091GBU6, STM32C091GCU6, STM32C091KBT6, STM32C091KBU6, STM32C091KCT6, STM32C091KCU6, STM32C091RBT6, STM32C091RCI6, STM32C091RCT6, STM32C092CBT6, STM32C092CBU6, STM32C092CCT6, STM32C092CCU6, STM32C092ECY6TR, STM32C092FBP6, STM32C092FCP6, STM32C092GBU6, STM32C092GCU6, STM32C092KBT6, STM32C092KBU6, STM32C092KCT6, STM32C092KCU6, STM32C092RBT6, STM32C092RCI6, STM32C092RCT6, STM32G071K8TXN, STM32G071K8UXN, STM32G081GBU6N, STM32G081KBT6N, STM32G081KBUXN, STM32G0B1CCT6N, STM32G0B1KCT6, STM32G0B1NEY6TR, STM32G0B1RCT6N, STM32G0C1CCT6, STM32G0C1CCT6N, STM32G0C1CCU6N, STM32G0C1CET6N, STM32G0C1CEU6N, STM32G0C1KCT6, STM32G0C1NEY6TR, STM32G0C1RCI6N, STM32G0C1RCT6N, STM32G0C1REI6N, STM32G0C1RET6N, STM32G0C1VCI6, STM32G0C1VEI6, STM32G411C6T3, STM32G411C6T6, STM32G411C6U3, STM32G411C6U6, STM32G411C8T3, STM32G411C8T6, STM32G411C8U3, STM32G411C8U6, STM32G411CBT3, STM32G411CBT6, STM32G411CBU3, STM32G411CBU6, STM32G411CCT3, STM32G411CCT6, STM32G411CCU3, STM32G411CCU6, STM32G411K6T3, STM32G411K6T6, STM32G411K6U3, STM32G411K6U6, STM32G411K8T3, STM32G411K8T6, STM32G411K8U3, STM32G411K8U6, STM32G411KBT3, STM32G411KBT6, STM32G411KBU3, STM32G411KBU6, STM32G411M6T3, STM32G411M6T6, STM32G411M8T3, STM32G411M8T6, STM32G411MBT3, STM32G411MBT6, STM32G411MCT3, STM32G411MCT6, STM32G411R6T3, STM32G411R6T6, STM32G411R8T3, STM32G411R8T6, STM32G411RBT3, STM32G411RBT6, STM32G411RCT3, STM32G411RCT6, STM32G414CBT3, STM32G414CBT6, STM32G414CBU3, STM32G414CBU6, STM32G414CCT3, STM32G414CCT6, STM32G414CCU3, STM32G414CCU6, STM32G414MBT3, STM32G414MBT6, STM32G414MCT3, STM32G414MCT6, STM32G414RBT3, STM32G414RBT6, STM32G414RCT3, STM32G414RCT6, STM32G414VBT3, STM32G414VBT6, STM32G414VCT3, STM32G414VCT6, STM32G431CBT3Z, STM32G431RBT3Z, STM32G471CCT6, STM32G471CCU6, STM32G471CET3, STM32G471CET6, STM32G471CEU3, STM32G471CEU6, STM32G471MCT6, STM32G471MET3, STM32G471MET6, STM32G471MEY6TR, STM32G471QCT6, STM32G471QET3, STM32G471RCT6, STM32G471RET3, STM32G471RET6, STM32G471VCH6, STM32G471VCI6, STM32G471VCT6, STM32G471VEH3, STM32G471VEH6, STM32G471VEI3, STM32G471VEI6, STM32G471VET3, STM32G471VET6, STM32G473QET3Z, STM32G473RET3Z, STM32G474CCT6, STM32G491RET3Z, STM32H503CBT6, STM32H503CBU6, STM32H503EBY6TR, STM32H503KBU6, STM32H503RBT6, STM32H523CCT6, STM32H523CCU6, STM32H523CET6, STM32H523CEU6, STM32H523HEY6TR, STM32H523RCT6, STM32H523RET6, STM32H523VCI6, STM32H523VCT6, STM32H523VEI6, STM32H523VET6, STM32H523ZCJ6, STM32H523ZCT6, STM32H523ZEJ6, STM32H523ZET6, STM32H533CET6, STM32H533CEU6, STM32H533HEY6TR, STM32H533RET6, STM32H533VEI6, STM32H533VET6, STM32H533ZEJ6, STM32H533ZET6, STM32H562AGI6, STM32H562AII6, STM32H562IGK6, STM32H562IGT6, STM32H562IIK6, STM32H562IIT6, STM32H562RGT6, STM32H562RGV6, STM32H562RIT6, STM32H562RIV6, STM32H562VGT6, STM32H562VIT6, STM32H562ZGT6, STM32H562ZIT6, STM32H563AGI6, STM32H563AII3Q, STM32H563AII6, STM32H563IGK6, STM32H563IGT6, STM32H563IIK3Q, STM32H563IIK6, STM32H563IIT3Q, STM32H563IIT6, STM32H563MIY3QTR, STM32H563RGT6, STM32H563RGV6, STM32H563RIT6, STM32H563RIV6, STM32H563VGT6, STM32H563VIT3Q, STM32H563VIT6, STM32H563ZGT6, STM32H563ZIT3Q, STM32H563ZIT6, STM32H573AII3Q, STM32H573AII6, STM32H573I-DK, STM32H573IIK3Q, STM32H573IIK6, STM32H573IIT3Q, STM32H573IIT6, STM32H573MIY3QTR, STM32H573RIT6, STM32H573RIV6, STM32H573VIT3Q, STM32H573VIT6, STM32H573ZIT3Q, STM32H573ZIT6, STM32H7R3A8I6, STM32H7R3I8K6, STM32H7R3I8T6, STM32H7R3L8H6, STM32H7R3L8H6H, STM32H7R3R8V6, STM32H7R3V8H6, STM32H7R3V8T6, STM32H7R3V8Y6TR, STM32H7R3Z8J6, STM32H7R3Z8T6, STM32H7R7A8I6, STM32H7R7I8K6, STM32H7R7I8T6, STM32H7R7L8H6, STM32H7R7L8H6H, STM32H7R7Z8J6, STM32H7S3A8I6, STM32H7S3I8K6, STM32H7S3I8T6, STM32H7S3L8H6, STM32H7S3L8H6H, STM32H7S3R8V6, STM32H7S3V8H6, STM32H7S3V8T6, STM32H7S3V8Y6TR, STM32H7S3Z8J6, STM32H7S3Z8T6, STM32H7S78-DK, STM32H7S7A8I6, STM32H7S7I8K6, STM32H7S7I8T6, STM32H7S7L8H6, STM32H7S7L8H6H, STM32H7S7Z8J6, STM32L4R5QGI6STR, STM32MP131AAE3, STM32MP131AAF3, STM32MP131AAG3, STM32MP131CAE3, STM32MP131CAF3, STM32MP131CAG3, STM32MP131DAE7, STM32MP131DAF7, STM32MP131DAG7, STM32MP131FAE7, STM32MP131FAF7, STM32MP131FAG7, STM32MP133AAE3, STM32MP133AAF3, STM32MP133AAG3, STM32MP133CAE3, STM32MP133CAF3, STM32MP133CAG3, STM32MP133DAE7, STM32MP133DAF7, STM32MP133DAG7, STM32MP133FAE7, STM32MP133FAF7, STM32MP133FAG7, STM32MP135AAE3, STM32MP135AAF3, STM32MP135AAG3, STM32MP135CAE3, STM32MP135CAF3, STM32MP135CAG3, STM32MP135DAE7, STM32MP135DAF7, STM32MP135DAG7, STM32MP135F-DK, STM32MP135FAE7, STM32MP135FAF7, STM32MP135FAF7T, STM32MP135FAF7U, STM32MP135FAG7, STM32MP231AAJ3, STM32MP231AAK3, STM32MP231AAL3, STM32MP231CAJ3, STM32MP231CAK3, STM32MP231CAL3, STM32MP231DAJ3, STM32MP231DAK3, STM32MP231DAL3, STM32MP231FAJ3, STM32MP231FAK3, STM32MP231FAL3, STM32MP233AAJ3, STM32MP233AAK3, STM32MP233AAL3, STM32MP233CAJ3, STM32MP233CAK3, STM32MP233CAL3, STM32MP233DAJ3, STM32MP233DAK3, STM32MP233DAL3, STM32MP233FAJ3, STM32MP233FAK3, STM32MP233FAL3, STM32MP235AAJ3, STM32MP235AAK3, STM32MP235AAL3, STM32MP235CAJ3, STM32MP235CAK3, STM32MP235CAL3, STM32MP235DAJ3, STM32MP235DAK3, STM32MP235DAL3, STM32MP235FAJ3, STM32MP235FAK3, STM32MP235FAL3, STM32MP251AAI3, STM32MP251AAJ3, STM32MP251AAK3, STM32MP251AAL3, STM32MP251CAI3, STM32MP251CAJ3, STM32MP251CAK3, STM32MP251CAL3, STM32MP251DAI3, STM32MP251DAJ3, STM32MP251DAK3, STM32MP251DAL3, STM32MP251FAI3, STM32MP251FAJ3, STM32MP251FAK3, STM32MP251FAL3, STM32MP253AAI3, STM32MP253AAJ3, STM32MP253AAK3, STM32MP253AAL3, STM32MP253CAI3, STM32MP253CAJ3, STM32MP253CAK3, STM32MP253CAL3, STM32MP253DAI3, STM32MP253DAJ3, STM32MP253DAK3, STM32MP253DAL3, STM32MP253FAI3, STM32MP253FAJ3, STM32MP253FAK3, STM32MP253FAL3, STM32MP255AAI3, STM32MP255AAJ3, STM32MP255AAK3, STM32MP255AAL3, STM32MP255CAI3, STM32MP255CAJ3, STM32MP255CAK3, STM32MP255CAL3, STM32MP255DAI3, STM32MP255DAJ3, STM32MP255DAK3, STM32MP255DAL3, STM32MP255FAI3, STM32MP255FAJ3, STM32MP255FAK3, STM32MP255FAL3, STM32MP257AAI3, STM32MP257AAJ3, STM32MP257AAK3, STM32MP257AAL3, STM32MP257CAI3, STM32MP257CAJ3, STM32MP257CAK3, STM32MP257CAL3, STM32MP257DAI3, STM32MP257DAJ3, STM32MP257DAK3, STM32MP257DAL3, STM32MP257F-DK, STM32MP257F-EV1, STM32MP257FAI3, STM32MP257FAJ3, STM32MP257FAK3, STM32MP257FAL3, STM32N645A0H3Q, STM32N645B0H3Q, STM32N645I0H3Q, STM32N645L0H3Q, STM32N645X0H3Q, STM32N645Z0H3Q, STM32N647A0H3Q, STM32N647B0H3Q, STM32N647I0H3Q, STM32N647L0H3Q, STM32N647X0H3Q, STM32N647Z0H3Q, STM32N655A0H3Q, STM32N655B0H3Q, STM32N655I0H3Q, STM32N655L0H3Q, STM32N655X0H3Q, STM32N655Z0H3Q, STM32N6570-DK, STM32N657A0H3Q, STM32N657B0H3Q, STM32N657I0H3Q, STM32N657L0H3Q, STM32N657X0H3Q, STM32N657Z0H3Q, STM32U031C6T6, STM32U031C6U6, STM32U031C8T6, STM32U031C8U6, STM32U031F4P6, STM32U031F6P6, STM32U031F8P6, STM32U031G6Y6TR, STM32U031G8Y6TR, STM32U031K4U6, STM32U031K6U6, STM32U031K8U6, STM32U031R6I6, STM32U031R6T6, STM32U031R8I6, STM32U031R8T6, STM32U073C8T6, STM32U073C8U6, STM32U073CBT6, STM32U073CBU6, STM32U073CCT6, STM32U073CCU6, STM32U073H8Y6TR, STM32U073HBY6TR, STM32U073HCY6TR, STM32U073K8U6, STM32U073KBU6, STM32U073KCU6, STM32U073M8I6, STM32U073M8T6, STM32U073MBI6, STM32U073MBT6, STM32U073MCI6, STM32U073MCT6, STM32U073R8I6, STM32U073R8T6, STM32U073RBI6, STM32U073RBT6, STM32U073RCI6, STM32U073RCT6, STM32U083C-DK, STM32U083CCT6, STM32U083CCU6, STM32U083HCY6TR, STM32U083KCU6, STM32U083MCI6, STM32U083MCT6, STM32U083RCI6, STM32U083RCT6, STM32U375CET6, STM32U375CET6Q, STM32U375CEU6, STM32U375CEU6Q, STM32U375CEY6QTR, STM32U375CGT6, STM32U375CGT6Q, STM32U375CGU6, STM32U375CGU6Q, STM32U375CGY6QTR, STM32U375KEU6, STM32U375KGU6, STM32U375REI6, STM32U375REI6Q, STM32U375RET6, STM32U375RET6Q, STM32U375REY6GTR, STM32U375REY6QTR, STM32U375RGI6, STM32U375RGI6Q, STM32U375RGT6, STM32U375RGT6Q, STM32U375RGY6GTR, STM32U375RGY6QTR, STM32U375VEI6, STM32U375VEI6Q, STM32U375VET6, STM32U375VET6Q, STM32U375VGI6, STM32U375VGI6Q, STM32U375VGT6, STM32U375VGT6Q, STM32U385CGT6, STM32U385CGT6Q, STM32U385CGU6, STM32U385CGU6Q, STM32U385CGY6QTR, STM32U385KGU6, STM32U385RGI6, STM32U385RGI6Q, STM32U385RGT6, STM32U385RGT6Q, STM32U385RGY6GTR, STM32U385RGY6QTR, STM32U385VGI6, STM32U385VGI6Q, STM32U385VGT6, STM32U385VGT6Q, STM32U535CBT6, STM32U535CBT6Q, STM32U535CBU6, STM32U535CBU6Q, STM32U535CCT6, STM32U535CCT6Q, STM32U535CCU6, STM32U535CCU6Q, STM32U535CET6, STM32U535CET6Q, STM32U535CEU6, STM32U535CEU6Q, STM32U535JEY6QTR, STM32U535NCY6QTR, STM32U535NEY6QTR, STM32U535RBI6, STM32U535RBI6Q, STM32U535RBT6, STM32U535RBT6Q, STM32U535RCI6, STM32U535RCI6Q, STM32U535RCT6, STM32U535RCT6Q, STM32U535REI6, STM32U535REI6Q, STM32U535RET6, STM32U535RET6Q, STM32U535VCI6, STM32U535VCI6Q, STM32U535VCT6, STM32U535VCT6Q, STM32U535VEI6, STM32U535VEI6Q, STM32U535VET6, STM32U535VET6Q, STM32U545CET6, STM32U545CET6Q, STM32U545CEU6, STM32U545CEU6Q, STM32U545JEY6QTR, STM32U545NEY6QTR, STM32U545REI6, STM32U545REI6Q, STM32U545RET6, STM32U545RET6Q, STM32U545VEI6, STM32U545VEI6Q, STM32U545VET6, STM32U545VET6Q, STM32U595AIH6, STM32U595AIH6Q, STM32U595AJH6, STM32U595AJH6Q, STM32U595QII6, STM32U595QII6Q, STM32U595QJI6, STM32U595QJI6Q, STM32U595RIT6, STM32U595RIT6Q, STM32U595RJT6, STM32U595RJT6Q, STM32U595VIT6, STM32U595VIT6Q, STM32U595VJT6, STM32U595VJT6Q, STM32U595ZIT6, STM32U595ZIT6Q, STM32U595ZIY6QTR, STM32U595ZJT6, STM32U595ZJT6Q, STM32U595ZJY6QTR, STM32U599BJY6QTR, STM32U599NIH6Q, STM32U599NJH6Q, STM32U599VIT6Q, STM32U599VJT6, STM32U599VJT6Q, STM32U599ZIT6Q, STM32U599ZIY6QTR, STM32U599ZJT6Q, STM32U599ZJY6QTR, STM32U5A5AJH6, STM32U5A5AJH6Q, STM32U5A5QII3Q , STM32U5A5QJI6, STM32U5A5QJI6Q, STM32U5A5RJT6, STM32U5A5RJT6Q, STM32U5A5VJT6, STM32U5A5VJT6Q, STM32U5A5ZJT6, STM32U5A5ZJT6Q, STM32U5A5ZJY6QTR, STM32U5A9BJY6QTR, STM32U5A9J-DK, STM32U5A9NJH6Q, STM32U5A9VJT6Q, STM32U5A9ZJT6Q, STM32U5A9ZJY6QTR, STM32U5F7VIT6, STM32U5F7VIT6Q, STM32U5F7VJT6, STM32U5F7VJT6Q, STM32U5F9BJY6QTR, STM32U5F9NJH6Q, STM32U5F9VIT6Q, STM32U5F9VJT6Q, STM32U5F9ZIJ6QTR, STM32U5F9ZIT6Q, STM32U5F9ZJJ6QTR, STM32U5F9ZJT6Q, STM32U5G7VJT6, STM32U5G7VJT6Q, STM32U5G9BJY6QTR, STM32U5G9J-DK1, STM32U5G9J-DK2, STM32U5G9NJH6Q, STM32U5G9VJT6Q, STM32U5G9ZJJ6QTR, STM32U5G9ZJT6Q, STM32WB05KZV6TR, STM32WB05KZV7TR, STM32WB05TZF6TR, STM32WB05TZF7TR, STM32WB06CCF6TR, STM32WB06CCF7TR, STM32WB06CCV6TR, STM32WB06CCV7TR, STM32WB06KCV6TR, STM32WB06KCV7TR, STM32WB07CCF6TR, STM32WB07CCF7TR, STM32WB07CCV6TR, STM32WB07CCV7TR, STM32WB07KCV6TR, STM32WB07KCV7TR, STM32WB09KEV6TR, STM32WB09KEV7TR, STM32WB09TEF6TR, STM32WB09TEF7TR, STM32WB1MMCH6, STM32WBA50KGU6, STM32WBA50KGU6TR, STM32WBA52CEU6, STM32WBA52CEU6TR, STM32WBA52CEU7, STM32WBA52CEU7TR, STM32WBA52CGU6, STM32WBA52CGU6TR, STM32WBA52CGU6U, STM32WBA52CGU7, STM32WBA52CGU7TR, STM32WBA52KEU6, STM32WBA52KEU6TR, STM32WBA52KGU6, STM32WBA52KGU6TR, STM32WBA54CEU6, STM32WBA54CEU6TR, STM32WBA54CEU7, STM32WBA54CEU7TR, STM32WBA54CGU6, STM32WBA54CGU6TR, STM32WBA54CGU7, STM32WBA54CGU7TR, STM32WBA54KEU6, STM32WBA54KEU6TR, STM32WBA54KEU7, STM32WBA54KEU7TR, STM32WBA54KGU6, STM32WBA54KGU6TR, STM32WBA54KGU7, STM32WBA54KGU7TR, STM32WBA55CEU6, STM32WBA55CEU6TR, STM32WBA55CEU7, STM32WBA55CEU7TR, STM32WBA55CGU6, STM32WBA55CGU6TR, STM32WBA55CGU6U, STM32WBA55CGU7, STM32WBA55CGU7TR, STM32WBA55G-DK1, STM32WBA55HEF6, STM32WBA55HEF7, STM32WBA55HGF6, STM32WBA55HGF7, STM32WBA55UEI6, STM32WBA55UEI6TR, STM32WBA55UEI7, STM32WBA55UEI7TR, STM32WBA55UGI6, STM32WBA55UGI6TR, STM32WBA55UGI7, STM32WBA55UGI7TR, STM32WBA5MJGH6TR, STM32WBA5MJGH6U, STM32WL33C8V6, STM32WL33C8V6TR, STM32WL33C8V7, STM32WL33C8V7TR, STM32WL33CBV6, STM32WL33CBV6TR, STM32WL33CBV7, STM32WL33CBV7TR, STM32WL33CCV6, STM32WL33CCV6TR, STM32WL33CCV7, STM32WL33CCV7A, STM32WL33CCV7ATR, STM32WL33CCV7TR, STM32WL33K8V6, STM32WL33K8V6TR, STM32WL33K8V7, STM32WL33K8V7TR, STM32WL33KBV6, STM32WL33KBV6TR, STM32WL33KBV7, STM32WL33KBV7TR, STM32WL33KCV6, STM32WL33KCV6TR, STM32WL33KCV7, STM32WL33KCV7TR, STM32WL5MOCH6, STM32WL5MOCH6TR]
2025-01-31 09:34:13,332 [INFO] WebApp:187 - Connection restablished
2025-01-31 09:34:13,434 [INFO] BoardInfo:889 - No configuration file found for board P-NUCLEO-WB55
2025-01-31 09:34:13,435 [INFO] DbBoards:161 - Kit is not supported: P-NUCLEO-WB55
2025-01-31 09:34:13,442 [INFO] BoardInfo:889 - No configuration file found for board STEVAL-BFA001V1B
2025-01-31 09:34:13,443 [INFO] DbBoards:161 - Kit is not supported: STEVAL-BFA001V1B
2025-01-31 09:34:13,444 [INFO] BoardInfo:889 - No configuration file found for board STEVAL-BFA001V2B
2025-01-31 09:34:13,445 [INFO] DbBoards:161 - Kit is not supported: STEVAL-BFA001V2B
2025-01-31 09:34:13,628 [INFO] DbBoards:168 - Found 209 boards, 206 are supported
2025-01-31 09:34:13,628 [INFO] DbBoards:169 - Found 209 boards, 42 of them is supported for  Bsp
2025-01-31 09:34:13,631 [INFO] ApiDb:668 - CubeFinder database Data Model version=2.1
2025-01-31 09:34:13,632 [INFO] ApiDb:669 - CubeFinder database Configuration version=3.0.39
2025-01-31 09:34:13,632 [INFO] ApiDb:670 - CubeFinder database generation date=2024-12-10 (1733817889)
2025-01-31 09:34:13,632 [INFO] ApiDb:671 - CubeFinder database FW Pack versions=[FP-ATR-ASTRA1_V2.0.0, FP-SNS-FLIGHT1_V5.0.2, FP-SNS-MOTENV1_V5.0.0, FP-SNS-MOTENVWB1_V1.4.0, FP-SNS-SMARTAG2_V1.2.0, FP-SNS-STBOX1_V2.0.0, STM32Cube_FW_C0_V1.3.0, STM32Cube_FW_F4_V1.28.1, STM32Cube_FW_F7_V1.17.2, STM32Cube_FW_G0_V1.6.2, STM32Cube_FW_G4_V1.6.1, STM32Cube_FW_H5_V1.4.0, STM32Cube_FW_H7RS_V1.1.0, STM32Cube_FW_H7_V1.12.0, STM32Cube_FW_L0_V1.12.2, STM32Cube_FW_L4_V1.18.1, STM32Cube_FW_L5_V1.5.1, STM32Cube_FW_N6_V1.0.0, STM32Cube_FW_U0_V1.2.0, STM32Cube_FW_U3_V1.0.0, STM32Cube_FW_U5_V1.7.0, STM32Cube_FW_WB0_V1.1.0, STM32Cube_FW_WBA_V1.5.0, STM32Cube_FW_WB_V1.21.0, STM32Cube_FW_WL3_V1.0.0, STM32Cube_FW_WL_V1.3.0, X-CUBE-ALGOBUILD_V1.4.0, X-CUBE-ALS_V1.0.2, X-CUBE-AZRTOS-F4_V1.1.0, X-CUBE-AZRTOS-F7_V1.1.0, X-CUBE-AZRTOS-G0_V1.1.0, X-CUBE-AZRTOS-G4_V2.0.0, X-CUBE-AZRTOS-H7RS_V1.0.0, X-CUBE-AZRTOS-H7_V3.3.0, X-CUBE-AZRTOS-L4_V2.0.0, X-CUBE-AZRTOS-L5_V2.0.0, X-CUBE-AZRTOS-WB_V2.0.0, X-CUBE-AZRTOS-WL_V2.0.0, X-CUBE-BLE1_V7.0.0, X-CUBE-BLE2_V3.3.0, X-CUBE-BLEMGR_V3.1.0, X-CUBE-EEPRMA1_V5.1.0, X-CUBE-FREERTOS_V1.2.0, X-CUBE-GNSS1_V6.0.0, X-CUBE-MEMS1_V11.0.0, X-CUBE-NFC4_V3.0.0, X-CUBE-NFC7_V1.0.1, X-CUBE-SFXS2LP1_V4.0.0, X-CUBE-SUBG2_V5.0.0, X-CUBE-TOF1_V3.4.2]
2025-01-31 09:34:13,736 [WARN] PackLoader:240 - Cannot read IP mode file for STMicroelectronics.FP-SNS-MOTENVWB1.1.4.0
2025-01-31 09:34:13,748 [WARN] PackLoader:240 - Cannot read IP mode file for STMicroelectronics.FP-ATR-ASTRA1.2.0.1
2025-01-31 09:34:13,761 [WARN] PackLoader:240 - Cannot read IP mode file for STMicroelectronics.X-CUBE-SMBUS.2.1.0
2025-01-31 09:34:13,775 [WARN] PackLoader:240 - Cannot read IP mode file for STMicroelectronics.X-CUBE-WB05N.1.1.0
2025-01-31 09:34:13,810 [WARN] PackLoader:240 - Cannot read IP mode file for STMicroelectronics.X-CUBE-AZRTOS-F7.1.1.0
2025-01-31 09:34:13,862 [WARN] PackLoader:240 - Cannot read IP mode file for STMicroelectronics.X-CUBE-MEMS1.11.0.0
2025-01-31 09:34:13,971 [WARN] PackLoader:240 - Cannot read IP mode file for STMicroelectronics.FP-SNS-FLIGHT1.5.0.2
2025-01-31 09:34:13,996 [WARN] PackLoader:240 - Cannot read IP mode file for Infineon.AIROC-Wi-Fi-Bluetooth-STM32.1.7.0
2025-01-31 09:34:14,012 [WARN] PackLoader:240 - Cannot read IP mode file for STMicroelectronics.X-CUBE-DISPLAY.3.0.0
2025-01-31 09:34:14,026 [WARN] PackLoader:240 - Cannot read IP mode file for STMicroelectronics.X-CUBE-BLE1.7.0.0
2025-01-31 09:34:14,038 [WARN] PackLoader:240 - Cannot read IP mode file for STMicroelectronics.X-CUBE-NFC10.1.0.0
2025-01-31 09:34:14,051 [WARN] PackLoader:240 - Cannot read IP mode file for STMicroelectronics.X-CUBE-BLEMGR.4.0.0
2025-01-31 09:34:14,064 [WARN] PackLoader:240 - Cannot read IP mode file for emotas.I-CUBE-CANOPEN.1.3.0
2025-01-31 09:34:14,077 [WARN] PackLoader:240 - Cannot read IP mode file for STMicroelectronics.X-CUBE-AI.10.0.0
2025-01-31 09:34:14,089 [WARN] PackLoader:240 - Cannot read IP mode file for STMicroelectronics.FP-SNS-SMARTAG2.1.2.0
2025-01-31 09:34:14,124 [WARN] PackLoader:240 - Cannot read IP mode file for STMicroelectronics.X-CUBE-MEMS1.11.1.0
2025-01-31 09:34:14,190 [INFO] LogOutputStream:77 - [STDOUT_REDIRECT] 1 : Invalid condition id : UX_CORESTACK_Condition cause : null
2025-01-31 09:34:14,191 [INFO] LogOutputStream:77 - [STDOUT_REDIRECT] 1 : Invalid condition id : UX_CORESTACK_Condition cause : null
2025-01-31 09:34:14,192 [INFO] LogOutputStream:77 - [STDOUT_REDIRECT] 1 : Invalid condition id : UX_CORESTACK_Condition cause : null
2025-01-31 09:34:14,193 [INFO] LogOutputStream:77 - [STDOUT_REDIRECT] 1 : Invalid condition id : UX_CORESTACK_Condition cause : null
2025-01-31 09:34:14,193 [INFO] LogOutputStream:77 - [STDOUT_REDIRECT] 1 : Invalid condition id : UX_CORESTACK_Condition cause : null
2025-01-31 09:34:14,195 [WARN] PackLoader:240 - Cannot read IP mode file for STMicroelectronics.X-CUBE-AZRTOS-WL.2.0.0
2025-01-31 09:34:14,207 [WARN] PackLoader:240 - Cannot read IP mode file for STMicroelectronics.FP-SNS-MOTENV1.5.0.0
2025-01-31 09:34:14,218 [WARN] PackLoader:240 - Cannot read IP mode file for wolfSSL.I-CUBE-wolfMQTT.1.19.0
2025-01-31 09:34:14,233 [WARN] PackLoader:240 - Cannot read IP mode file for WES.I-CUBE-Cesium.1.3.0
2025-01-31 09:34:14,245 [WARN] PackLoader:240 - Cannot read IP mode file for STMicroelectronics.X-CUBE-BLE2.3.3.0
2025-01-31 09:34:14,258 [WARN] PackLoader:240 - Cannot read IP mode file for STMicroelectronics.X-CUBE-NFC9.1.0.0
2025-01-31 09:34:14,270 [WARN] PackLoader:240 - Cannot read IP mode file for STMicroelectronics.X-CUBE-TCPP.4.1.0
2025-01-31 09:34:14,292 [WARN] PackLoader:240 - Cannot read IP mode file for STMicroelectronics.X-CUBE-AZRTOS-G0.1.1.0
2025-01-31 09:34:14,307 [WARN] PackLoader:240 - Cannot read IP mode file for STMicroelectronics.X-CUBE-SAFEA1.1.2.2
2025-01-31 09:34:14,322 [WARN] PackLoader:240 - Cannot read IP mode file for STMicroelectronics.X-CUBE-NFC4.3.0.0
2025-01-31 09:34:14,337 [WARN] PackLoader:240 - Cannot read IP mode file for EmbeddedOffice.I-CUBE-FS-RTOS.1.0.1
2025-01-31 09:34:14,352 [WARN] PackLoader:240 - Cannot read IP mode file for STMicroelectronics.X-CUBE-TCPP.4.2.0
2025-01-31 09:34:14,366 [WARN] PackLoader:240 - Cannot read IP mode file for RealThread.X-CUBE-RT-Thread_Nano.4.1.1
2025-01-31 09:34:14,378 [WARN] PackLoader:240 - Cannot read IP mode file for STMicroelectronics.FP-ATR-SIGFOX1.3.2.0
2025-01-31 09:34:14,391 [WARN] ConditionMgr:438 - getConditionDescription Invalid condition id : Cortex-A Device cause : null
2025-01-31 09:34:14,413 [WARN] ConditionMgr:1044 - genDependencies : Invalid condition id : Cortex-A Device cause : null
2025-01-31 09:34:14,413 [WARN] ConditionMgr:1044 - genDependencies : Invalid condition id : Cortex-A Device cause : null
2025-01-31 09:34:14,414 [WARN] ConditionMgr:1044 - genDependencies : Invalid condition id : Cortex-A Device cause : null
2025-01-31 09:34:14,429 [WARN] PackLoader:240 - Cannot read IP mode file for STMicroelectronics.X-CUBE-EEPRMA1.5.1.0
2025-01-31 09:34:14,443 [WARN] PackLoader:240 - Cannot read IP mode file for wolfSSL.I-CUBE-wolfSSL.5.7.4
2025-01-31 09:34:14,461 [WARN] PackLoader:240 - Cannot read IP mode file for ITTIA_DB.I-CUBE-ITTIADB.8.9.0
2025-01-31 09:34:14,484 [WARN] PackLoader:240 - Cannot read IP mode file for SEGGER.I-CUBE-embOS.1.3.1
2025-01-31 09:34:14,508 [WARN] PackLoader:240 - Cannot read IP mode file for STMicroelectronics.X-CUBE-ALGOBUILD.1.4.0
2025-01-31 09:34:14,521 [WARN] PackLoader:240 - Cannot read IP mode file for STMicroelectronics.X-CUBE-AI.9.1.0
2025-01-31 09:34:14,542 [WARN] PackLoader:240 - Cannot read IP mode file for STMicroelectronics.X-CUBE-AZRTOS-F4.1.1.0
2025-01-31 09:34:14,556 [WARN] PackLoader:240 - Cannot read IP mode file for STMicroelectronics.X-CUBE-ISPU.2.1.0
2025-01-31 09:34:14,579 [WARN] PackLoader:240 - Cannot read IP mode file for STMicroelectronics.X-CUBE-AZRTOS-L5.2.0.0
2025-01-31 09:34:14,595 [WARN] PackLoader:240 - Cannot read IP mode file for STMicroelectronics.X-CUBE-NFC6.3.1.0
2025-01-31 09:34:14,608 [WARN] PackLoader:240 - Cannot read IP mode file for STMicroelectronics.X-CUBE-DPower.1.2.0
2025-01-31 09:34:14,621 [WARN] PackLoader:240 - Cannot read IP mode file for STMicroelectronics.X-CUBE-FREERTOS.1.3.0
2025-01-31 09:34:14,635 [WARN] PackLoader:240 - Cannot read IP mode file for STMicroelectronics.X-CUBE-NFC7.1.0.1
2025-01-31 09:34:14,660 [WARN] ConditionMgr:438 - getConditionDescription Invalid condition id : LAN8742 Phy interface Condition cause : null
2025-01-31 09:34:14,661 [WARN] PackLoader:240 - Cannot read IP mode file for STMicroelectronics.X-CUBE-AZRTOS-L4.2.0.0
2025-01-31 09:34:14,661 [WARN] ConditionMgr:1044 - genDependencies : Invalid condition id : LAN8742 Phy interface Condition cause : null
2025-01-31 09:34:14,661 [WARN] ConditionMgr:1044 - genDependencies : Invalid condition id : LAN8742 Phy interface Condition cause : null
2025-01-31 09:34:14,661 [WARN] ConditionMgr:1044 - genDependencies : Invalid condition id : LAN8742 Phy interface Condition cause : null
2025-01-31 09:34:14,676 [WARN] PackLoader:240 - Cannot read IP mode file for STMicroelectronics.X-CUBE-SFXS2LP1.4.0.0
2025-01-31 09:34:14,703 [WARN] PackLoader:240 - Cannot read IP mode file for STMicroelectronics.X-CUBE-AZRTOS-H7.3.3.0
2025-01-31 09:34:14,719 [WARN] PackLoader:240 - Cannot read IP mode file for STMicroelectronics.X-CUBE-IPS.3.0.0
2025-01-31 09:34:14,739 [WARN] ConditionMgr:438 - getConditionDescription Invalid condition id : UX DEVICE CLASS RTOS Condition cause : null
2025-01-31 09:34:14,739 [WARN] ConditionMgr:438 - getConditionDescription Invalid condition id : UX DEVICE CLASS RTOS Condition cause : null
2025-01-31 09:34:14,740 [WARN] PackLoader:240 - Cannot read IP mode file for STMicroelectronics.X-CUBE-AZRTOS-WB.2.0.0
2025-01-31 09:34:14,740 [WARN] ConditionMgr:1044 - genDependencies : Invalid condition id : UX DEVICE CLASS RTOS Condition cause : null
2025-01-31 09:34:14,740 [WARN] ConditionMgr:1044 - genDependencies : Invalid condition id : UX DEVICE CLASS RTOS Condition cause : null
2025-01-31 09:34:14,740 [WARN] ConditionMgr:1044 - genDependencies : Invalid condition id : UX DEVICE CLASS RTOS Condition cause : null
2025-01-31 09:34:14,740 [WARN] ConditionMgr:1044 - genDependencies : Invalid condition id : UX DEVICE CLASS RTOS Condition cause : null
2025-01-31 09:34:14,740 [WARN] ConditionMgr:1044 - genDependencies : Invalid condition id : UX DEVICE CLASS RTOS Condition cause : null
2025-01-31 09:34:14,754 [WARN] PackLoader:240 - Cannot read IP mode file for STMicroelectronics.X-CUBE-GNSS1.7.0.0
2025-01-31 09:34:14,768 [WARN] PackLoader:240 - Cannot read IP mode file for STMicroelectronics.X-CUBE-GNSS1.7.0.1
2025-01-31 09:34:14,782 [WARN] PackLoader:240 - Cannot read IP mode file for STMicroelectronics.FP-SNS-STBOX1.2.0.0
2025-01-31 09:34:14,796 [WARN] PackLoader:240 - Cannot read IP mode file for STMicroelectronics.X-CUBE-SUBG2.5.0.0
2025-01-31 09:34:14,809 [WARN] PackLoader:240 - Cannot read IP mode file for Cesanta.I-CUBE-Mongoose.7.13.0
2025-01-31 09:34:14,825 [WARN] PackLoader:240 - Cannot read IP mode file for STMicroelectronics.X-CUBE-AZRTOS-G4.2.0.0
2025-01-31 09:34:14,838 [WARN] PackLoader:240 - Cannot read IP mode file for STMicroelectronics.X-CUBE-IPS.3.1.0
2025-01-31 09:34:14,850 [WARN] PackLoader:240 - Cannot read IP mode file for STMicroelectronics.X-CUBE-ALS.1.0.2
2025-01-31 09:34:14,862 [WARN] PackLoader:240 - Cannot read IP mode file for STMicroelectronics.X-CUBE-TOUCHGFX.4.24.2
2025-01-31 09:34:14,873 [WARN] PackLoader:240 - Cannot read IP mode file for STMicroelectronics.X-CUBE-TOUCHGFX.4.24.1
2025-01-31 09:34:14,883 [WARN] PackLoader:240 - Cannot read IP mode file for wolfSSL.I-CUBE-wolfTPM.3.4.0
2025-01-31 09:34:14,895 [WARN] PackLoader:240 - Cannot read IP mode file for portGmbH.I-Cube-SoM-uGOAL.1.1.0
2025-01-31 09:34:14,915 [WARN] PackLoader:240 - Cannot read IP mode file for STMicroelectronics.X-CUBE-AZRTOS-H7RS.1.0.0
2025-01-31 09:34:14,930 [WARN] PackLoader:240 - Cannot read IP mode file for STMicroelectronics.X-CUBE-TOF1.3.4.2
2025-01-31 09:34:14,945 [WARN] PackLoader:240 - Cannot read IP mode file for wolfSSL.I-CUBE-wolfSSH.1.4.17
2025-01-31 09:34:14,945 [INFO] ThirdParty:978 - Integrity check success = true
2025-01-31 09:34:14,946 [INFO] IntegrityCheckThread:100 - exiting critical section [integrity check]
2025-01-31 09:34:14,946 [INFO] IntegrityCheckThread:103 - End integrity checks thread
2025-01-31 09:34:15,139 [INFO] ApiDb:240 - Found 858 in-development CPN: [B-G473E-ZEST1S, B-WB1M-WPAN1, B-WBA5M-WPAN, B-WL5M-SUBG1, NUCLEO-C031C6, NUCLEO-C051C8, NUCLEO-C071RB, NUCLEO-C092RC, NUCLEO-H503RB, NUCLEO-H533RE, NUCLEO-H563ZI, NUCLEO-H7S3L8, NUCLEO-N657X0-Q, NUCLEO-U031R8, NUCLEO-U083RC, NUCLEO-U385RG-Q, NUCLEO-U545RE-Q, NUCLEO-U5A5ZJ-Q, NUCLEO-WB05KZ, NUCLEO-WB07CC, NUCLEO-WB09KE, NUCLEO-WBA52CG, NUCLEO-WBA55CG, NUCLEO-WL33CC1, NUCLEO-WL33CC2, STEVAL-PROTEUS1, STEVAL-SMARTAG2, STEVAL-STWINBX1, STM320518-EVAL, STM32C0116-DK, STM32C011D6Y3TR, STM32C011D6Y6TR, STM32C011F4P3, STM32C011F4P6, STM32C011F4U3, STM32C011F4U6TR, STM32C011F6P3, STM32C011F6P6, STM32C011F6U3, STM32C011F6U6TR, STM32C011J4M3, STM32C011J4M6, STM32C011J6M3, STM32C011J6M6, STM32C0316-DK, STM32C031C4T3, STM32C031C4T6, STM32C031C4U3, STM32C031C4U6, STM32C031C6T3, STM32C031C6T6, STM32C031C6U3, STM32C031C6U6, STM32C031F4P3, STM32C031F4P6, STM32C031F6P3, STM32C031F6P6, STM32C031G4U3, STM32C031G4U6, STM32C031G6U3, STM32C031G6U6, STM32C031K4T3, STM32C031K4T6, STM32C031K4U3, STM32C031K4U6, STM32C031K6T3, STM32C031K6T6, STM32C031K6U3, STM32C031K6U6, STM32C051C6T6, STM32C051C6U6, STM32C051C8T6, STM32C051C8U6, STM32C051D8Y6TR, STM32C051F6P6, STM32C051F8P6, STM32C051G6U6, STM32C051G8U6, STM32C051K6T6, STM32C051K6U6, STM32C051K8T6, STM32C071C8T6, STM32C071C8T6N, STM32C071C8U6, STM32C071C8U6N, STM32C071CBT6, STM32C071CBT6N, STM32C071CBU6, STM32C071CBU6N, STM32C071F8P6, STM32C071F8P6N, STM32C071FBP6, STM32C071FBP6N, STM32C071FBY6TR, STM32C071G8U6, STM32C071G8U6N, STM32C071GBU6, STM32C071GBU6N, STM32C071K8T6, STM32C071K8T6N, STM32C071K8U6, STM32C071K8U6N, STM32C071KBT6, STM32C071KBT6N, STM32C071KBU6, STM32C071KBU6N, STM32C071R8T6, STM32C071R8T6N, STM32C071RBI6N, STM32C071RBT6, STM32C071RBT6N, STM32C091CBT6, STM32C091CBU6, STM32C091CCT6, STM32C091CCU6, STM32C091ECY6TR, STM32C091FBP6, STM32C091FCP6, STM32C091GBU6, STM32C091GCU6, STM32C091KBT6, STM32C091KBU6, STM32C091KCT6, STM32C091KCU6, STM32C091RBT6, STM32C091RCI6, STM32C091RCT6, STM32C092CBT6, STM32C092CBU6, STM32C092CCT6, STM32C092CCU6, STM32C092ECY6TR, STM32C092FBP6, STM32C092FCP6, STM32C092GBU6, STM32C092GCU6, STM32C092KBT6, STM32C092KBU6, STM32C092KCT6, STM32C092KCU6, STM32C092RBT6, STM32C092RCI6, STM32C092RCT6, STM32G071K8TXN, STM32G071K8UXN, STM32G081GBU6N, STM32G081KBT6N, STM32G081KBUXN, STM32G0B1CCT6N, STM32G0B1KCT6, STM32G0B1NEY6TR, STM32G0B1RCT6N, STM32G0C1CCT6, STM32G0C1CCT6N, STM32G0C1CCU6N, STM32G0C1CET6N, STM32G0C1CEU6N, STM32G0C1KCT6, STM32G0C1NEY6TR, STM32G0C1RCI6N, STM32G0C1RCT6N, STM32G0C1REI6N, STM32G0C1RET6N, STM32G0C1VCI6, STM32G0C1VEI6, STM32G411C6T3, STM32G411C6T6, STM32G411C6U3, STM32G411C6U6, STM32G411C8T3, STM32G411C8T6, STM32G411C8U3, STM32G411C8U6, STM32G411CBT3, STM32G411CBT6, STM32G411CBU3, STM32G411CBU6, STM32G411CCT3, STM32G411CCT6, STM32G411CCU3, STM32G411CCU6, STM32G411K6T3, STM32G411K6T6, STM32G411K6U3, STM32G411K6U6, STM32G411K8T3, STM32G411K8T6, STM32G411K8U3, STM32G411K8U6, STM32G411KBT3, STM32G411KBT6, STM32G411KBU3, STM32G411KBU6, STM32G411M6T3, STM32G411M6T6, STM32G411M8T3, STM32G411M8T6, STM32G411MBT3, STM32G411MBT6, STM32G411MCT3, STM32G411MCT6, STM32G411R6T3, STM32G411R6T6, STM32G411R8T3, STM32G411R8T6, STM32G411RBT3, STM32G411RBT6, STM32G411RCT3, STM32G411RCT6, STM32G414CBT3, STM32G414CBT6, STM32G414CBU3, STM32G414CBU6, STM32G414CCT3, STM32G414CCT6, STM32G414CCU3, STM32G414CCU6, STM32G414MBT3, STM32G414MBT6, STM32G414MCT3, STM32G414MCT6, STM32G414RBT3, STM32G414RBT6, STM32G414RCT3, STM32G414RCT6, STM32G414VBT3, STM32G414VBT6, STM32G414VCT3, STM32G414VCT6, STM32G431CBT3Z, STM32G431RBT3Z, STM32G471CCT6, STM32G471CCU6, STM32G471CET3, STM32G471CET6, STM32G471CEU3, STM32G471CEU6, STM32G471MCT6, STM32G471MET3, STM32G471MET6, STM32G471MEY6TR, STM32G471QCT6, STM32G471QET3, STM32G471RCT6, STM32G471RET3, STM32G471RET6, STM32G471VCH6, STM32G471VCI6, STM32G471VCT6, STM32G471VEH3, STM32G471VEH6, STM32G471VEI3, STM32G471VEI6, STM32G471VET3, STM32G471VET6, STM32G473QET3Z, STM32G473RET3Z, STM32G474CCT6, STM32G491RET3Z, STM32H503CBT6, STM32H503CBU6, STM32H503EBY6TR, STM32H503KBU6, STM32H503RBT6, STM32H523CCT6, STM32H523CCU6, STM32H523CET6, STM32H523CEU6, STM32H523HEY6TR, STM32H523RCT6, STM32H523RET6, STM32H523VCI6, STM32H523VCT6, STM32H523VEI6, STM32H523VET6, STM32H523ZCJ6, STM32H523ZCT6, STM32H523ZEJ6, STM32H523ZET6, STM32H533CET6, STM32H533CEU6, STM32H533HEY6TR, STM32H533RET6, STM32H533VEI6, STM32H533VET6, STM32H533ZEJ6, STM32H533ZET6, STM32H562AGI6, STM32H562AII6, STM32H562IGK6, STM32H562IGT6, STM32H562IIK6, STM32H562IIT6, STM32H562RGT6, STM32H562RGV6, STM32H562RIT6, STM32H562RIV6, STM32H562VGT6, STM32H562VIT6, STM32H562ZGT6, STM32H562ZIT6, STM32H563AGI6, STM32H563AII3Q, STM32H563AII6, STM32H563IGK6, STM32H563IGT6, STM32H563IIK3Q, STM32H563IIK6, STM32H563IIT3Q, STM32H563IIT6, STM32H563MIY3QTR, STM32H563RGT6, STM32H563RGV6, STM32H563RIT6, STM32H563RIV6, STM32H563VGT6, STM32H563VIT3Q, STM32H563VIT6, STM32H563ZGT6, STM32H563ZIT3Q, STM32H563ZIT6, STM32H573AII3Q, STM32H573AII6, STM32H573I-DK, STM32H573IIK3Q, STM32H573IIK6, STM32H573IIT3Q, STM32H573IIT6, STM32H573MIY3QTR, STM32H573RIT6, STM32H573RIV6, STM32H573VIT3Q, STM32H573VIT6, STM32H573ZIT3Q, STM32H573ZIT6, STM32H7R3A8I6, STM32H7R3I8K6, STM32H7R3I8T6, STM32H7R3L8H6, STM32H7R3L8H6H, STM32H7R3R8V6, STM32H7R3V8H6, STM32H7R3V8T6, STM32H7R3V8Y6TR, STM32H7R3Z8J6, STM32H7R3Z8T6, STM32H7R7A8I6, STM32H7R7I8K6, STM32H7R7I8T6, STM32H7R7L8H6, STM32H7R7L8H6H, STM32H7R7Z8J6, STM32H7S3A8I6, STM32H7S3I8K6, STM32H7S3I8T6, STM32H7S3L8H6, STM32H7S3L8H6H, STM32H7S3R8V6, STM32H7S3V8H6, STM32H7S3V8T6, STM32H7S3V8Y6TR, STM32H7S3Z8J6, STM32H7S3Z8T6, STM32H7S78-DK, STM32H7S7A8I6, STM32H7S7I8K6, STM32H7S7I8T6, STM32H7S7L8H6, STM32H7S7L8H6H, STM32H7S7Z8J6, STM32L4R5QGI6STR, STM32MP131AAE3, STM32MP131AAF3, STM32MP131AAG3, STM32MP131CAE3, STM32MP131CAF3, STM32MP131CAG3, STM32MP131DAE7, STM32MP131DAF7, STM32MP131DAG7, STM32MP131FAE7, STM32MP131FAF7, STM32MP131FAG7, STM32MP133AAE3, STM32MP133AAF3, STM32MP133AAG3, STM32MP133CAE3, STM32MP133CAF3, STM32MP133CAG3, STM32MP133DAE7, STM32MP133DAF7, STM32MP133DAG7, STM32MP133FAE7, STM32MP133FAF7, STM32MP133FAG7, STM32MP135AAE3, STM32MP135AAF3, STM32MP135AAG3, STM32MP135CAE3, STM32MP135CAF3, STM32MP135CAG3, STM32MP135DAE7, STM32MP135DAF7, STM32MP135DAG7, STM32MP135F-DK, STM32MP135FAE7, STM32MP135FAF7, STM32MP135FAF7T, STM32MP135FAF7U, STM32MP135FAG7, STM32MP231AAJ3, STM32MP231AAK3, STM32MP231AAL3, STM32MP231CAJ3, STM32MP231CAK3, STM32MP231CAL3, STM32MP231DAJ3, STM32MP231DAK3, STM32MP231DAL3, STM32MP231FAJ3, STM32MP231FAK3, STM32MP231FAL3, STM32MP233AAJ3, STM32MP233AAK3, STM32MP233AAL3, STM32MP233CAJ3, STM32MP233CAK3, STM32MP233CAL3, STM32MP233DAJ3, STM32MP233DAK3, STM32MP233DAL3, STM32MP233FAJ3, STM32MP233FAK3, STM32MP233FAL3, STM32MP235AAJ3, STM32MP235AAK3, STM32MP235AAL3, STM32MP235CAJ3, STM32MP235CAK3, STM32MP235CAL3, STM32MP235DAJ3, STM32MP235DAK3, STM32MP235DAL3, STM32MP235FAJ3, STM32MP235FAK3, STM32MP235FAL3, STM32MP251AAI3, STM32MP251AAJ3, STM32MP251AAK3, STM32MP251AAL3, STM32MP251CAI3, STM32MP251CAJ3, STM32MP251CAK3, STM32MP251CAL3, STM32MP251DAI3, STM32MP251DAJ3, STM32MP251DAK3, STM32MP251DAL3, STM32MP251FAI3, STM32MP251FAJ3, STM32MP251FAK3, STM32MP251FAL3, STM32MP253AAI3, STM32MP253AAJ3, STM32MP253AAK3, STM32MP253AAL3, STM32MP253CAI3, STM32MP253CAJ3, STM32MP253CAK3, STM32MP253CAL3, STM32MP253DAI3, STM32MP253DAJ3, STM32MP253DAK3, STM32MP253DAL3, STM32MP253FAI3, STM32MP253FAJ3, STM32MP253FAK3, STM32MP253FAL3, STM32MP255AAI3, STM32MP255AAJ3, STM32MP255AAK3, STM32MP255AAL3, STM32MP255CAI3, STM32MP255CAJ3, STM32MP255CAK3, STM32MP255CAL3, STM32MP255DAI3, STM32MP255DAJ3, STM32MP255DAK3, STM32MP255DAL3, STM32MP255FAI3, STM32MP255FAJ3, STM32MP255FAK3, STM32MP255FAL3, STM32MP257AAI3, STM32MP257AAJ3, STM32MP257AAK3, STM32MP257AAL3, STM32MP257CAI3, STM32MP257CAJ3, STM32MP257CAK3, STM32MP257CAL3, STM32MP257DAI3, STM32MP257DAJ3, STM32MP257DAK3, STM32MP257DAL3, STM32MP257F-DK, STM32MP257F-EV1, STM32MP257FAI3, STM32MP257FAJ3, STM32MP257FAK3, STM32MP257FAL3, STM32N645A0H3Q, STM32N645B0H3Q, STM32N645I0H3Q, STM32N645L0H3Q, STM32N645X0H3Q, STM32N645Z0H3Q, STM32N647A0H3Q, STM32N647B0H3Q, STM32N647I0H3Q, STM32N647L0H3Q, STM32N647X0H3Q, STM32N647Z0H3Q, STM32N655A0H3Q, STM32N655B0H3Q, STM32N655I0H3Q, STM32N655L0H3Q, STM32N655X0H3Q, STM32N655Z0H3Q, STM32N6570-DK, STM32N657A0H3Q, STM32N657B0H3Q, STM32N657I0H3Q, STM32N657L0H3Q, STM32N657X0H3Q, STM32N657Z0H3Q, STM32U031C6T6, STM32U031C6U6, STM32U031C8T6, STM32U031C8U6, STM32U031F4P6, STM32U031F6P6, STM32U031F8P6, STM32U031G6Y6TR, STM32U031G8Y6TR, STM32U031K4U6, STM32U031K6U6, STM32U031K8U6, STM32U031R6I6, STM32U031R6T6, STM32U031R8I6, STM32U031R8T6, STM32U073C8T6, STM32U073C8U6, STM32U073CBT6, STM32U073CBU6, STM32U073CCT6, STM32U073CCU6, STM32U073H8Y6TR, STM32U073HBY6TR, STM32U073HCY6TR, STM32U073K8U6, STM32U073KBU6, STM32U073KCU6, STM32U073M8I6, STM32U073M8T6, STM32U073MBI6, STM32U073MBT6, STM32U073MCI6, STM32U073MCT6, STM32U073R8I6, STM32U073R8T6, STM32U073RBI6, STM32U073RBT6, STM32U073RCI6, STM32U073RCT6, STM32U083C-DK, STM32U083CCT6, STM32U083CCU6, STM32U083HCY6TR, STM32U083KCU6, STM32U083MCI6, STM32U083MCT6, STM32U083RCI6, STM32U083RCT6, STM32U375CET6, STM32U375CET6Q, STM32U375CEU6, STM32U375CEU6Q, STM32U375CEY6QTR, STM32U375CGT6, STM32U375CGT6Q, STM32U375CGU6, STM32U375CGU6Q, STM32U375CGY6QTR, STM32U375KEU6, STM32U375KGU6, STM32U375REI6, STM32U375REI6Q, STM32U375RET6, STM32U375RET6Q, STM32U375REY6GTR, STM32U375REY6QTR, STM32U375RGI6, STM32U375RGI6Q, STM32U375RGT6, STM32U375RGT6Q, STM32U375RGY6GTR, STM32U375RGY6QTR, STM32U375VEI6, STM32U375VEI6Q, STM32U375VET6, STM32U375VET6Q, STM32U375VGI6, STM32U375VGI6Q, STM32U375VGT6, STM32U375VGT6Q, STM32U385CGT6, STM32U385CGT6Q, STM32U385CGU6, STM32U385CGU6Q, STM32U385CGY6QTR, STM32U385KGU6, STM32U385RGI6, STM32U385RGI6Q, STM32U385RGT6, STM32U385RGT6Q, STM32U385RGY6GTR, STM32U385RGY6QTR, STM32U385VGI6, STM32U385VGI6Q, STM32U385VGT6, STM32U385VGT6Q, STM32U535CBT6, STM32U535CBT6Q, STM32U535CBU6, STM32U535CBU6Q, STM32U535CCT6, STM32U535CCT6Q, STM32U535CCU6, STM32U535CCU6Q, STM32U535CET6, STM32U535CET6Q, STM32U535CEU6, STM32U535CEU6Q, STM32U535JEY6QTR, STM32U535NCY6QTR, STM32U535NEY6QTR, STM32U535RBI6, STM32U535RBI6Q, STM32U535RBT6, STM32U535RBT6Q, STM32U535RCI6, STM32U535RCI6Q, STM32U535RCT6, STM32U535RCT6Q, STM32U535REI6, STM32U535REI6Q, STM32U535RET6, STM32U535RET6Q, STM32U535VCI6, STM32U535VCI6Q, STM32U535VCT6, STM32U535VCT6Q, STM32U535VEI6, STM32U535VEI6Q, STM32U535VET6, STM32U535VET6Q, STM32U545CET6, STM32U545CET6Q, STM32U545CEU6, STM32U545CEU6Q, STM32U545JEY6QTR, STM32U545NEY6QTR, STM32U545REI6, STM32U545REI6Q, STM32U545RET6, STM32U545RET6Q, STM32U545VEI6, STM32U545VEI6Q, STM32U545VET6, STM32U545VET6Q, STM32U595AIH6, STM32U595AIH6Q, STM32U595AJH6, STM32U595AJH6Q, STM32U595QII6, STM32U595QII6Q, STM32U595QJI6, STM32U595QJI6Q, STM32U595RIT6, STM32U595RIT6Q, STM32U595RJT6, STM32U595RJT6Q, STM32U595VIT6, STM32U595VIT6Q, STM32U595VJT6, STM32U595VJT6Q, STM32U595ZIT6, STM32U595ZIT6Q, STM32U595ZIY6QTR, STM32U595ZJT6, STM32U595ZJT6Q, STM32U595ZJY6QTR, STM32U599BJY6QTR, STM32U599NIH6Q, STM32U599NJH6Q, STM32U599VIT6Q, STM32U599VJT6, STM32U599VJT6Q, STM32U599ZIT6Q, STM32U599ZIY6QTR, STM32U599ZJT6Q, STM32U599ZJY6QTR, STM32U5A5AJH6, STM32U5A5AJH6Q, STM32U5A5QII3Q , STM32U5A5QJI6, STM32U5A5QJI6Q, STM32U5A5RJT6, STM32U5A5RJT6Q, STM32U5A5VJT6, STM32U5A5VJT6Q, STM32U5A5ZJT6, STM32U5A5ZJT6Q, STM32U5A5ZJY6QTR, STM32U5A9BJY6QTR, STM32U5A9J-DK, STM32U5A9NJH6Q, STM32U5A9VJT6Q, STM32U5A9ZJT6Q, STM32U5A9ZJY6QTR, STM32U5F7VIT6, STM32U5F7VIT6Q, STM32U5F7VJT6, STM32U5F7VJT6Q, STM32U5F9BJY6QTR, STM32U5F9NJH6Q, STM32U5F9VIT6Q, STM32U5F9VJT6Q, STM32U5F9ZIJ6QTR, STM32U5F9ZIT6Q, STM32U5F9ZJJ6QTR, STM32U5F9ZJT6Q, STM32U5G7VJT6, STM32U5G7VJT6Q, STM32U5G9BJY6QTR, STM32U5G9J-DK1, STM32U5G9J-DK2, STM32U5G9NJH6Q, STM32U5G9VJT6Q, STM32U5G9ZJJ6QTR, STM32U5G9ZJT6Q, STM32WB05KZV6TR, STM32WB05KZV7TR, STM32WB05TZF6TR, STM32WB05TZF7TR, STM32WB06CCF6TR, STM32WB06CCF7TR, STM32WB06CCV6TR, STM32WB06CCV7TR, STM32WB06KCV6TR, STM32WB06KCV7TR, STM32WB07CCF6TR, STM32WB07CCF7TR, STM32WB07CCV6TR, STM32WB07CCV7TR, STM32WB07KCV6TR, STM32WB07KCV7TR, STM32WB09KEV6TR, STM32WB09KEV7TR, STM32WB09TEF6TR, STM32WB09TEF7TR, STM32WB1MMCH6, STM32WBA50KGU6, STM32WBA50KGU6TR, STM32WBA52CEU6, STM32WBA52CEU6TR, STM32WBA52CEU7, STM32WBA52CEU7TR, STM32WBA52CGU6, STM32WBA52CGU6TR, STM32WBA52CGU6U, STM32WBA52CGU7, STM32WBA52CGU7TR, STM32WBA52KEU6, STM32WBA52KEU6TR, STM32WBA52KGU6, STM32WBA52KGU6TR, STM32WBA54CEU6, STM32WBA54CEU6TR, STM32WBA54CEU7, STM32WBA54CEU7TR, STM32WBA54CGU6, STM32WBA54CGU6TR, STM32WBA54CGU7, STM32WBA54CGU7TR, STM32WBA54KEU6, STM32WBA54KEU6TR, STM32WBA54KEU7, STM32WBA54KEU7TR, STM32WBA54KGU6, STM32WBA54KGU6TR, STM32WBA54KGU7, STM32WBA54KGU7TR, STM32WBA55CEU6, STM32WBA55CEU6TR, STM32WBA55CEU7, STM32WBA55CEU7TR, STM32WBA55CGU6, STM32WBA55CGU6TR, STM32WBA55CGU6U, STM32WBA55CGU7, STM32WBA55CGU7TR, STM32WBA55G-DK1, STM32WBA55HEF6, STM32WBA55HEF7, STM32WBA55HGF6, STM32WBA55HGF7, STM32WBA55UEI6, STM32WBA55UEI6TR, STM32WBA55UEI7, STM32WBA55UEI7TR, STM32WBA55UGI6, STM32WBA55UGI6TR, STM32WBA55UGI7, STM32WBA55UGI7TR, STM32WBA5MJGH6TR, STM32WBA5MJGH6U, STM32WL33C8V6, STM32WL33C8V6TR, STM32WL33C8V7, STM32WL33C8V7TR, STM32WL33CBV6, STM32WL33CBV6TR, STM32WL33CBV7, STM32WL33CBV7TR, STM32WL33CCV6, STM32WL33CCV6TR, STM32WL33CCV7, STM32WL33CCV7A, STM32WL33CCV7ATR, STM32WL33CCV7TR, STM32WL33K8V6, STM32WL33K8V6TR, STM32WL33K8V7, STM32WL33K8V7TR, STM32WL33KBV6, STM32WL33KBV6TR, STM32WL33KBV7, STM32WL33KBV7TR, STM32WL33KCV6, STM32WL33KCV6TR, STM32WL33KCV7, STM32WL33KCV7TR, STM32WL5MOCH6, STM32WL5MOCH6TR]
2025-01-31 09:34:15,154 [INFO] DbMcus:218 - Found 4545 MCUs, 4545 are supported
2025-01-31 09:34:15,155 [INFO] ApiDb:423 - Load user favorites file C:\Users\cp199/.stm32cubeide/favorites.mcus.txt: 0 item(s)
2025-01-31 09:34:15,155 [INFO] ApiDb:427 - User favorites MCUs=[]
2025-01-31 09:34:15,155 [INFO] DbMcus:224 - Set 0 / 0 favorites MCUs
2025-01-31 09:34:15,366 [INFO] ApiDb:423 - Load user favorites file C:\Users\cp199/.stm32cubeide/favorites.boards.txt: 0 item(s)
2025-01-31 09:34:15,366 [INFO] ApiDb:427 - User favorites Boards=[]
2025-01-31 09:34:15,367 [INFO] DbBoards:198 - Set 0 / 0 favorites Boards
2025-01-31 09:34:15,367 [INFO] McuFinderGlobals:76 - Set McuFinderConnectedMode to true
2025-01-31 09:34:15,372 [INFO] MultiScanPanel:200 - Auto-refresh data requested => check proxy status ongoing
2025-01-31 09:34:15,374 [INFO] FinderPluginLoader:95 - Searching for filters in installed packs
2025-01-31 09:34:16,214 [INFO] LoadUrlFilesThread:185 - End of LoadServerUrlFiles without Thread
2025-01-31 09:34:16,221 [INFO] DetailPanel:341 - Set advertising image to C:/Users/cp199/STM32Cube/Repository/\en.prom-stm32n6-mcu-finder.png
2025-01-31 09:35:44,808 [INFO] MainUpdater:2872 - connection check result : 10
2025-01-31 09:35:44,808 [INFO] MainUpdater:2872 - connection check result : 10
2025-01-31 09:35:44,827 [INFO] MicroXplorer:468 - Change Database Path : 
2025-01-31 09:35:44,828 [INFO] MicroXplorer:498 - Change Database Version : DB.6.0.130
2025-01-31 09:35:44,831 [WARN] ThirdParty:871 - waiting for thirdparty lock release [close project]
2025-01-31 09:35:44,831 [INFO] ThirdParty:873 - entering critical section [close project]
2025-01-31 09:35:44,832 [INFO] ThirdParty:883 - exiting critical section [close project]
2025-01-31 09:35:44,834 [INFO] PinOutPanel:1589 - setPackage(No Configuration,No Configuration)
2025-01-31 09:35:44,836 [INFO] UtilMem:75 - Begin LoadConfig() Used Memory: 613389632 Bytes (909115392)
2025-01-31 09:35:44,837 [INFO] MicroXplorer:468 - Change Database Path : 
2025-01-31 09:35:44,837 [INFO] MicroXplorer:498 - Change Database Version : DB.6.0.130
2025-01-31 09:35:44,837 [INFO] OpenFileManager:332 - Change cursor
2025-01-31 09:35:44,905 [INFO] Mcu:2035 - Initializing MCU STM32F429ZITx STM32F429ZITx STM32F429ZIT6
2025-01-31 09:35:46,767 [INFO] Context:748 - Trying to add GPIOservice into a context  which must be forbidden
2025-01-31 09:35:47,138 [INFO] ImportTextPane:218 - (OptionalMessage_ERROR) Unable to find key (Mcu.ThirdPartyNb) in loaded IOC file
2025-01-31 09:35:47,138 [INFO] ImportTextPane:218 - (OptionalMessage_ERROR) Unable to find key (Mcu.PinsNb) in loaded IOC file
2025-01-31 09:35:47,139 [INFO] ImportTextPane:218 - (OptionalMessage_ERROR) Unable to find key (Mcu.IPNb) in loaded IOC file
2025-01-31 09:35:47,322 [INFO] RtosManager:555 - Registered RTOS mode: class=CMSIS, group=RTOS, mode=CMSIS_V1, owner=FREERTOS
2025-01-31 09:35:47,322 [INFO] RtosManager:555 - Registered RTOS mode: class=CMSIS, group=RTOS2, mode=CMSIS_V2, owner=FREERTOS
2025-01-31 09:35:47,322 [INFO] RtosManager:555 - Registered RTOS mode: class=RTOS, group=Core, mode=CMSIS_V1, owner=FREERTOS
2025-01-31 09:35:47,322 [INFO] RtosManager:555 - Registered RTOS mode: class=RTOS, group=Core, mode=CMSIS_V2, owner=FREERTOS
2025-01-31 09:35:47,322 [WARN] ModelIntegratedComponent:184 - Missing modes for component STMicroelectronics:FreeRTOS:0.0.1:STMicroelectronics:RTOS:FreeRTOS:Core:::10.2.0:
2025-01-31 09:35:47,343 [WARN] ModelIntegratedComponent:63 - No mode defined for component null
2025-01-31 09:35:47,343 [WARN] ModelIntegratedComponent:63 - No mode defined for component null
2025-01-31 09:35:47,343 [WARN] ModelIntegratedComponent:63 - No mode defined for component null
2025-01-31 09:35:47,343 [WARN] ModelIntegratedComponent:63 - No mode defined for component null
2025-01-31 09:35:47,343 [WARN] ModelIntegratedComponent:63 - No mode defined for component null
2025-01-31 09:35:47,343 [WARN] ModelIntegratedComponent:63 - No mode defined for component null
2025-01-31 09:35:47,343 [WARN] ModelIntegratedComponent:63 - No mode defined for component null
2025-01-31 09:35:47,343 [WARN] ModelIntegratedComponent:63 - No mode defined for component null
2025-01-31 09:35:47,343 [WARN] ModelIntegratedComponent:63 - No mode defined for component null
2025-01-31 09:35:47,343 [WARN] ModelIntegratedComponent:63 - No mode defined for component null
2025-01-31 09:35:47,343 [WARN] ModelIntegratedComponent:63 - No mode defined for component null
2025-01-31 09:35:47,343 [WARN] ModelIntegratedComponent:63 - No mode defined for component null
2025-01-31 09:35:47,343 [WARN] ModelIntegratedComponent:63 - No mode defined for component null
2025-01-31 09:35:47,343 [WARN] ModelIntegratedComponent:63 - No mode defined for component null
2025-01-31 09:35:47,344 [WARN] ModelIntegratedComponent:63 - No mode defined for component null
2025-01-31 09:35:47,344 [WARN] ModelIntegratedComponent:63 - No mode defined for component null
2025-01-31 09:35:47,344 [WARN] ModelIntegratedComponent:63 - No mode defined for component null
2025-01-31 09:35:47,344 [WARN] ModelIntegratedComponent:63 - No mode defined for component null
2025-01-31 09:35:47,344 [WARN] ModelIntegratedComponent:63 - No mode defined for component null
2025-01-31 09:35:47,344 [WARN] ModelIntegratedComponent:63 - No mode defined for component null
2025-01-31 09:35:47,344 [WARN] ModelIntegratedComponent:63 - No mode defined for component null
2025-01-31 09:35:47,344 [WARN] ModelIntegratedComponent:63 - No mode defined for component null
2025-01-31 09:35:47,344 [WARN] ModelIntegratedComponent:63 - No mode defined for component null
2025-01-31 09:35:47,344 [WARN] ModelIntegratedComponent:63 - No mode defined for component null
2025-01-31 09:35:47,344 [WARN] ModelIntegratedComponent:63 - No mode defined for component null
2025-01-31 09:35:47,344 [WARN] ModelIntegratedComponent:63 - No mode defined for component null
2025-01-31 09:35:47,344 [WARN] ModelIntegratedComponent:63 - No mode defined for component null
2025-01-31 09:35:47,344 [WARN] ModelIntegratedComponent:63 - No mode defined for component null
2025-01-31 09:35:47,344 [WARN] ModelIntegratedComponent:63 - No mode defined for component null
2025-01-31 09:35:47,344 [WARN] ModelIntegratedComponent:63 - No mode defined for component null
2025-01-31 09:35:47,344 [WARN] ModelIntegratedComponent:63 - No mode defined for component null
2025-01-31 09:35:47,344 [WARN] ModelIntegratedComponent:63 - No mode defined for component null
2025-01-31 09:35:47,344 [WARN] ModelIntegratedComponent:63 - No mode defined for component null
2025-01-31 09:35:47,344 [WARN] ModelIntegratedComponent:63 - No mode defined for component null
2025-01-31 09:35:47,344 [WARN] ModelIntegratedComponent:63 - No mode defined for component null
2025-01-31 09:35:47,345 [WARN] ModelPack:524 - Component already loaded: STMicroelectronics:HAL Drivers:0.0.0:STMicroelectronics:Device:STMicro_Driver:XSPI:HAL::0.0.1:HAL_XSPI
2025-01-31 09:35:47,397 [INFO] ThirdPartyModel:298 - Start build external matchings
2025-01-31 09:35:47,734 [INFO] ThirdPartyModel:316 - End build external matchings
2025-01-31 09:35:48,036 [INFO] UtilMem:75 - End LoadConfig() Used Memory: 883066384 Bytes (1073741824)
2025-01-31 09:35:48,066 [WARN] ThirdParty:833 - waiting for thirdparty lock release [change project]
2025-01-31 09:35:48,066 [INFO] ThirdParty:835 - entering critical section [change project]
2025-01-31 09:35:48,066 [INFO] ThirdParty:1030 - CMSIS Pack Vendor :STMicroelectronics USBPD 4.1
2025-01-31 09:35:48,066 [INFO] ThirdParty:1030 - CMSIS Pack Vendor :STMicroelectronics X-CUBE-AZRTOS-H7 3.3.0
2025-01-31 09:35:48,066 [INFO] ThirdParty:1030 - CMSIS Pack Vendor :STMicroelectronics X-CUBE-NFC9 1.0.0
2025-01-31 09:35:48,066 [INFO] ThirdParty:1030 - CMSIS Pack Vendor :STMicroelectronics USB_HOST 2.0.0
2025-01-31 09:35:48,066 [INFO] ThirdParty:1030 - CMSIS Pack Vendor :STMicroelectronics FP-SNS-MOTENVWB1 1.4.0
2025-01-31 09:35:48,066 [INFO] ThirdParty:1030 - CMSIS Pack Vendor :STMicroelectronics X-CUBE-AZRTOS-F4 1.1.0
2025-01-31 09:35:48,066 [INFO] ThirdParty:1030 - CMSIS Pack Vendor :STMicroelectronics LIBJPEG 8.0.0
2025-01-31 09:35:48,066 [INFO] ThirdParty:1030 - CMSIS Pack Vendor :STMicroelectronics FP-ATR-ASTRA1 2.0.1
2025-01-31 09:35:48,066 [INFO] ThirdParty:1030 - CMSIS Pack Vendor :STMicroelectronics X-CUBE-SMBUS 2.1.0
2025-01-31 09:35:48,066 [INFO] ThirdParty:1030 - CMSIS Pack Vendor :STMicroelectronics X-CUBE-WB05N 1.1.0
2025-01-31 09:35:48,066 [INFO] ThirdParty:1030 - CMSIS Pack Vendor :STMicroelectronics USB_DEVICE 3.0.0
2025-01-31 09:35:48,066 [INFO] ThirdParty:1030 - CMSIS Pack Vendor :STMicroelectronics X-CUBE-TCPP 4.1.0
2025-01-31 09:35:48,066 [INFO] ThirdParty:1030 - CMSIS Pack Vendor :STMicroelectronics X-CUBE-ISPU 2.1.0
2025-01-31 09:35:48,066 [INFO] ThirdParty:1030 - CMSIS Pack Vendor :STMicroelectronics X-CUBE-IPS 3.0.0
2025-01-31 09:35:48,066 [INFO] ThirdParty:1030 - CMSIS Pack Vendor :STMicroelectronics X-CUBE-AZRTOS-WB 2.0.0
2025-01-31 09:35:48,066 [INFO] ThirdParty:1030 - CMSIS Pack Vendor :STMicroelectronics X-CUBE-GNSS1 7.0.0
2025-01-31 09:35:48,066 [INFO] ThirdParty:1030 - CMSIS Pack Vendor :STMicroelectronics X-CUBE-GNSS1 7.0.1
2025-01-31 09:35:48,066 [INFO] ThirdParty:1030 - CMSIS Pack Vendor :STMicroelectronics X-CUBE-AZRTOS-F7 1.1.0
2025-01-31 09:35:48,066 [INFO] ThirdParty:1030 - CMSIS Pack Vendor :STMicroelectronics X-CUBE-AZRTOS-L5 2.0.0
2025-01-31 09:35:48,066 [INFO] ThirdParty:1030 - CMSIS Pack Vendor :STMicroelectronics USB_DEVICE 2.0.0
2025-01-31 09:35:48,067 [INFO] ThirdParty:1030 - CMSIS Pack Vendor :STMicroelectronics X-CUBE-NFC6 3.1.0
2025-01-31 09:35:48,067 [INFO] ThirdParty:1030 - CMSIS Pack Vendor :STMicroelectronics FP-SNS-STBOX1 2.0.0
2025-01-31 09:35:48,067 [INFO] ThirdParty:1030 - CMSIS Pack Vendor :STMicroelectronics X-CUBE-MEMS1 11.0.0
2025-01-31 09:35:48,067 [INFO] ThirdParty:1030 - CMSIS Pack Vendor :STMicroelectronics FreeRTOS 0.0.1
2025-01-31 09:35:48,067 [INFO] ThirdParty:1030 - CMSIS Pack Vendor :STMicroelectronics X-CUBE-AZRTOS-G0 1.1.0
2025-01-31 09:35:48,067 [INFO] ThirdParty:1030 - CMSIS Pack Vendor :STMicroelectronics X-CUBE-SAFEA1 1.2.2
2025-01-31 09:35:48,067 [INFO] ThirdParty:1030 - CMSIS Pack Vendor :STMicroelectronics X-CUBE-NFC4 3.0.0
2025-01-31 09:35:48,067 [INFO] ThirdParty:1030 - CMSIS Pack Vendor :STMicroelectronics X-CUBE-DPower 1.2.0
2025-01-31 09:35:48,067 [INFO] ThirdParty:1030 - CMSIS Pack Vendor :STMicroelectronics X-CUBE-SUBG2 5.0.0
2025-01-31 09:35:48,067 [INFO] ThirdParty:1030 - CMSIS Pack Vendor :STMicroelectronics STM32_WPAN 1.0.0
2025-01-31 09:35:48,067 [INFO] ThirdParty:1030 - CMSIS Pack Vendor :EmbeddedOffice I-CUBE-FS-RTOS 1.0.1
2025-01-31 09:35:48,067 [INFO] ThirdParty:1030 - CMSIS Pack Vendor :STMicroelectronics lwIP 2.0.3
2025-01-31 09:35:48,067 [INFO] ThirdParty:1030 - CMSIS Pack Vendor :STMicroelectronics FP-SNS-FLIGHT1 5.0.2
2025-01-31 09:35:48,067 [INFO] ThirdParty:1030 - CMSIS Pack Vendor :Cesanta I-CUBE-Mongoose 7.13.0
2025-01-31 09:35:48,067 [INFO] ThirdParty:1030 - CMSIS Pack Vendor :STMicroelectronics USB_HOST 1.0.0
2025-01-31 09:35:48,067 [INFO] ThirdParty:1030 - CMSIS Pack Vendor :Infineon AIROC-Wi-Fi-Bluetooth-STM32 1.7.0
2025-01-31 09:35:48,067 [INFO] ThirdParty:1030 - CMSIS Pack Vendor :STMicroelectronics X-CUBE-AZRTOS-G4 2.0.0
2025-01-31 09:35:48,067 [INFO] ThirdParty:1030 - CMSIS Pack Vendor :STMicroelectronics PDM2PCM 3.1.0
2025-01-31 09:35:48,067 [INFO] ThirdParty:1030 - CMSIS Pack Vendor :STMicroelectronics PDM2PCM 3.3.0
2025-01-31 09:35:48,067 [INFO] ThirdParty:1030 - CMSIS Pack Vendor :STMicroelectronics X-CUBE-DISPLAY 3.0.0
2025-01-31 09:35:48,067 [INFO] ThirdParty:1030 - CMSIS Pack Vendor :STMicroelectronics X-CUBE-TCPP 4.2.0
2025-01-31 09:35:48,067 [INFO] ThirdParty:1030 - CMSIS Pack Vendor :RealThread X-CUBE-RT-Thread_Nano 4.1.1
2025-01-31 09:35:48,067 [INFO] ThirdParty:1030 - CMSIS Pack Vendor :STMicroelectronics X-CUBE-BLE1 7.0.0
2025-01-31 09:35:48,067 [INFO] ThirdParty:1030 - CMSIS Pack Vendor :STMicroelectronics FP-ATR-SIGFOX1 3.2.0
2025-01-31 09:35:48,067 [INFO] ThirdParty:1030 - CMSIS Pack Vendor :STMicroelectronics X-CUBE-NFC10 1.0.0
2025-01-31 09:35:48,067 [INFO] ThirdParty:1030 - CMSIS Pack Vendor :quantropi X-CUBE-qispace-sdk-base 1.9.3
2025-01-31 09:35:48,067 [INFO] ThirdParty:1030 - CMSIS Pack Vendor :STMicroelectronics X-CUBE-BLEMGR 4.0.0
2025-01-31 09:35:48,067 [INFO] ThirdParty:1030 - CMSIS Pack Vendor :STMicroelectronics X-CUBE-EEPRMA1 5.1.0
2025-01-31 09:35:48,067 [INFO] ThirdParty:1030 - CMSIS Pack Vendor :STMicroelectronics HAL Drivers 0.0.0
2025-01-31 09:35:48,067 [INFO] ThirdParty:1030 - CMSIS Pack Vendor :STMicroelectronics MBEDTLS 2.16.2
2025-01-31 09:35:48,067 [INFO] ThirdParty:1030 - CMSIS Pack Vendor :STMicroelectronics X-CUBE-IPS 3.1.0
2025-01-31 09:35:48,067 [INFO] ThirdParty:1030 - CMSIS Pack Vendor :STMicroelectronics X-CUBE-ALS 1.0.2
2025-01-31 09:35:48,067 [INFO] ThirdParty:1030 - CMSIS Pack Vendor :emotas I-CUBE-CANOPEN 1.3.0
2025-01-31 09:35:48,067 [INFO] ThirdParty:1030 - CMSIS Pack Vendor :STMicroelectronics X-CUBE-FREERTOS 1.3.0
2025-01-31 09:35:48,067 [INFO] ThirdParty:1030 - CMSIS Pack Vendor :wolfSSL I-CUBE-wolfSSL 5.7.4
2025-01-31 09:35:48,067 [INFO] ThirdParty:1030 - CMSIS Pack Vendor :STMicroelectronics X-CUBE-NFC7 1.0.1
2025-01-31 09:35:48,067 [INFO] ThirdParty:1030 - CMSIS Pack Vendor :STMicroelectronics MBEDTLS 2.14.1
2025-01-31 09:35:48,067 [INFO] ThirdParty:1030 - CMSIS Pack Vendor :ITTIA_DB I-CUBE-ITTIADB 8.9.0
2025-01-31 09:35:48,068 [INFO] ThirdParty:1030 - CMSIS Pack Vendor :STMicroelectronics X-CUBE-TOUCHGFX 4.24.2
2025-01-31 09:35:48,068 [INFO] ThirdParty:1030 - CMSIS Pack Vendor :STMicroelectronics X-CUBE-TOUCHGFX 4.24.1
2025-01-31 09:35:48,068 [INFO] ThirdParty:1030 - CMSIS Pack Vendor :wolfSSL I-CUBE-wolfTPM 3.4.0
2025-01-31 09:35:48,068 [INFO] ThirdParty:1030 - CMSIS Pack Vendor :portGmbH I-Cube-SoM-uGOAL 1.1.0
2025-01-31 09:35:48,068 [INFO] ThirdParty:1030 - CMSIS Pack Vendor :STMicroelectronics X-CUBE-AI 10.0.0
2025-01-31 09:35:48,068 [INFO] ThirdParty:1030 - CMSIS Pack Vendor :STMicroelectronics ThreadX 1.0.0
2025-01-31 09:35:48,068 [INFO] ThirdParty:1030 - CMSIS Pack Vendor :STMicroelectronics FP-SNS-SMARTAG2 1.2.0
2025-01-31 09:35:48,068 [INFO] ThirdParty:1030 - CMSIS Pack Vendor :STMicroelectronics X-CUBE-MEMS1 11.1.0
2025-01-31 09:35:48,069 [INFO] ThirdParty:1030 - CMSIS Pack Vendor :STMicroelectronics X-CUBE-AZRTOS-WL 2.0.0
2025-01-31 09:35:48,069 [INFO] ThirdParty:1030 - CMSIS Pack Vendor :SEGGER I-CUBE-embOS 1.3.1
2025-01-31 09:35:48,069 [INFO] ThirdParty:1030 - CMSIS Pack Vendor :STMicroelectronics X-CUBE-ALGOBUILD 1.4.0
2025-01-31 09:35:48,069 [INFO] ThirdParty:1030 - CMSIS Pack Vendor :STMicroelectronics FP-SNS-MOTENV1 5.0.0
2025-01-31 09:35:48,069 [INFO] ThirdParty:1030 - CMSIS Pack Vendor :STMicroelectronics USB_DEVICE 1.0.0
2025-01-31 09:35:48,069 [INFO] ThirdParty:1030 - CMSIS Pack Vendor :STMicroelectronics X-CUBE-AZRTOS-H7RS 1.0.0
2025-01-31 09:35:48,069 [INFO] ThirdParty:1030 - CMSIS Pack Vendor :wolfSSL I-CUBE-wolfMQTT 1.19.0
2025-01-31 09:35:48,069 [INFO] ThirdParty:1030 - CMSIS Pack Vendor :STMicroelectronics X-CUBE-AZRTOS-L4 2.0.0
2025-01-31 09:35:48,069 [INFO] ThirdParty:1030 - CMSIS Pack Vendor :STMicroelectronics ThreadX 0.0.2
2025-01-31 09:35:48,069 [INFO] ThirdParty:1030 - CMSIS Pack Vendor :WES I-CUBE-Cesium 1.3.0
2025-01-31 09:35:48,069 [INFO] ThirdParty:1030 - CMSIS Pack Vendor :STMicroelectronics lwIP 2.1.2
2025-01-31 09:35:48,069 [INFO] ThirdParty:1030 - CMSIS Pack Vendor :STMicroelectronics X-CUBE-SFXS2LP1 4.0.0
2025-01-31 09:35:48,069 [INFO] ThirdParty:1030 - CMSIS Pack Vendor :STMicroelectronics X-CUBE-BLE2 3.3.0
2025-01-31 09:35:48,069 [INFO] ThirdParty:1030 - CMSIS Pack Vendor :STMicroelectronics X-CUBE-TOF1 3.4.2
2025-01-31 09:35:48,069 [INFO] ThirdParty:1030 - CMSIS Pack Vendor :STMicroelectronics X-CUBE-AI 9.1.0
2025-01-31 09:35:48,069 [INFO] ThirdParty:1030 - CMSIS Pack Vendor :STMicroelectronics PDM2PCM 3.2.0
2025-01-31 09:35:48,069 [INFO] ThirdParty:1030 - CMSIS Pack Vendor :wolfSSL I-CUBE-wolfSSH 1.4.17
2025-01-31 09:35:48,069 [INFO] ThirdParty:841 - exiting critical section [change project]
2025-01-31 09:35:48,363 [INFO] PinOutPanel:1589 - setPackage(No Configuration,No Configuration)
2025-01-31 09:35:48,364 [INFO] PinOutPanel:1589 - setPackage(STM32F429ZITx,LQFP144)
2025-01-31 09:35:48,752 [INFO] UtilMem:75 - Before build in PCC Used Memory: 725013328 Bytes (1073741824)
2025-01-31 09:35:49,439 [INFO] UtilMem:75 - After build in PCC Used Memory: 788470840 Bytes (1073741824)
2025-01-31 09:35:49,464 [INFO] IPUIPlugin:80 - create IPUIPlugin
2025-01-31 09:35:49,465 [INFO] IPUIPlugin:80 - create IPUIPlugin
2025-01-31 09:35:49,465 [INFO] IPUIPlugin:80 - create IPUIPlugin
2025-01-31 09:35:49,465 [INFO] IPUIPlugin:80 - create IPUIPlugin
2025-01-31 09:35:49,465 [INFO] IPUIPlugin:80 - create IPUIPlugin
2025-01-31 09:35:49,465 [INFO] IPUIPlugin:80 - create IPUIPlugin
2025-01-31 09:35:49,465 [INFO] IPUIPlugin:80 - create IPUIPlugin
2025-01-31 09:35:49,465 [INFO] IPUIPlugin:80 - create IPUIPlugin
2025-01-31 09:35:49,465 [INFO] IPUIPlugin:80 - create IPUIPlugin
2025-01-31 09:35:49,465 [INFO] IPUIPlugin:80 - create IPUIPlugin
2025-01-31 09:35:49,466 [INFO] IPUIPlugin:80 - create IPUIPlugin
2025-01-31 09:35:49,466 [INFO] IPUIPlugin:80 - create IPUIPlugin
2025-01-31 09:35:49,466 [INFO] IPUIPlugin:80 - create IPUIPlugin
2025-01-31 09:35:49,466 [INFO] IPUIPlugin:80 - create IPUIPlugin
2025-01-31 09:35:49,466 [INFO] IPUIPlugin:80 - create IPUIPlugin
2025-01-31 09:35:49,466 [INFO] IPUIPlugin:80 - create IPUIPlugin
2025-01-31 09:35:49,466 [INFO] IPUIPlugin:80 - create IPUIPlugin
2025-01-31 09:35:49,466 [INFO] IPUIPlugin:80 - create IPUIPlugin
2025-01-31 09:35:49,466 [INFO] IPUIPlugin:80 - create IPUIPlugin
2025-01-31 09:35:49,466 [INFO] IPUIPlugin:80 - create IPUIPlugin
2025-01-31 09:35:49,466 [INFO] IPUIPlugin:80 - create IPUIPlugin
2025-01-31 09:35:49,466 [INFO] IPUIPlugin:80 - create IPUIPlugin
2025-01-31 09:35:49,466 [INFO] IPUIPlugin:80 - create IPUIPlugin
2025-01-31 09:35:49,467 [INFO] IPUIPlugin:80 - create IPUIPlugin
2025-01-31 09:35:49,467 [INFO] IPUIPlugin:80 - create IPUIPlugin
2025-01-31 09:35:49,467 [INFO] IPUIPlugin:80 - create IPUIPlugin
2025-01-31 09:35:49,467 [INFO] IPUIPlugin:80 - create IPUIPlugin
2025-01-31 09:35:49,468 [INFO] IPUIPlugin:80 - create IPUIPlugin
2025-01-31 09:35:49,468 [INFO] IPUIPlugin:80 - create IPUIPlugin
2025-01-31 09:35:49,468 [INFO] IPUIPlugin:80 - create IPUIPlugin
2025-01-31 09:35:49,468 [INFO] IPUIPlugin:80 - create IPUIPlugin
2025-01-31 09:35:49,468 [INFO] IPUIPlugin:80 - create IPUIPlugin
2025-01-31 09:35:49,469 [INFO] IPUIPlugin:80 - create IPUIPlugin
2025-01-31 09:35:49,469 [INFO] IPUIPlugin:80 - create IPUIPlugin
2025-01-31 09:35:49,469 [INFO] IPUIPlugin:80 - create IPUIPlugin
2025-01-31 09:35:49,469 [INFO] IPUIPlugin:80 - create IPUIPlugin
2025-01-31 09:35:49,469 [INFO] IPUIPlugin:80 - create IPUIPlugin
2025-01-31 09:35:49,469 [INFO] IPUIPlugin:80 - create IPUIPlugin
2025-01-31 09:35:49,469 [INFO] IPUIPlugin:80 - create IPUIPlugin
2025-01-31 09:35:49,469 [INFO] IPUIPlugin:80 - create IPUIPlugin
2025-01-31 09:35:49,470 [INFO] IPUIPlugin:80 - create IPUIPlugin
2025-01-31 09:35:49,470 [INFO] IPUIPlugin:80 - create IPUIPlugin
2025-01-31 09:35:49,470 [INFO] IPUIPlugin:80 - create IPUIPlugin
2025-01-31 09:35:49,470 [INFO] IPUIPlugin:80 - create IPUIPlugin
2025-01-31 09:35:49,470 [INFO] IPUIPlugin:80 - create IPUIPlugin
2025-01-31 09:35:49,470 [INFO] IPUIPlugin:80 - create IPUIPlugin
2025-01-31 09:35:49,470 [INFO] IPUIPlugin:80 - create IPUIPlugin
2025-01-31 09:35:49,471 [INFO] IPUIPlugin:80 - create IPUIPlugin
2025-01-31 09:35:49,471 [INFO] IPUIPlugin:80 - create IPUIPlugin
2025-01-31 09:35:49,471 [INFO] IPUIPlugin:80 - create IPUIPlugin
2025-01-31 09:35:49,471 [INFO] IPUIPlugin:80 - create IPUIPlugin
2025-01-31 09:35:49,471 [INFO] IPUIPlugin:80 - create IPUIPlugin
2025-01-31 09:35:49,472 [INFO] IPUIPlugin:80 - create IPUIPlugin
2025-01-31 09:35:49,472 [INFO] IPUIPlugin:80 - create IPUIPlugin
2025-01-31 09:35:49,472 [INFO] IPUIPlugin:80 - create IPUIPlugin
2025-01-31 09:35:49,472 [INFO] IPUIPlugin:80 - create IPUIPlugin
2025-01-31 09:35:49,472 [INFO] IPUIPlugin:80 - create IPUIPlugin
2025-01-31 09:35:49,472 [INFO] IPUIPlugin:80 - create IPUIPlugin
2025-01-31 09:35:49,473 [INFO] IPUIPlugin:80 - create IPUIPlugin
2025-01-31 09:35:49,473 [INFO] IPUIPlugin:80 - create IPUIPlugin
2025-01-31 09:35:49,473 [INFO] IPUIPlugin:80 - create IPUIPlugin
2025-01-31 09:35:49,473 [INFO] IPUIPlugin:80 - create IPUIPlugin
2025-01-31 09:35:49,473 [INFO] IPUIPlugin:80 - create IPUIPlugin
2025-01-31 09:35:49,474 [INFO] IPUIPlugin:80 - create IPUIPlugin
2025-01-31 09:35:49,474 [INFO] IPUIPlugin:80 - create IPUIPlugin
2025-01-31 09:35:49,474 [INFO] IPUIPlugin:80 - create IPUIPlugin
2025-01-31 09:35:49,539 [INFO] ApiDbMcu:508 - Load IP Config File for PDM2PCM
2025-01-31 09:35:49,643 [INFO] CADModel:165 - CPN selected for project levelSTM32F429ZIT6
2025-01-31 09:35:49,643 [INFO] CADModel:114 - Register for checkConnection events
2025-01-31 09:35:49,690 [INFO] OpenFileManager:363 - Restore cursor
2025-01-31 09:35:50,250 [INFO] UtilMem:75 - End SaveConfig() Used Memory: 948695600 Bytes (1073741824)
2025-01-31 09:35:50,305 [INFO] UtilMem:75 - End SaveConfig() Used Memory: 976225816 Bytes (1073741824)
2025-01-31 09:35:50,630 [INFO] BlockDiagram:2766 - set Specific Code input for plugin: RCC
2025-01-31 09:35:50,630 [INFO] BlockDiagram:2766 - set Specific Code input for plugin: NVIC
2025-01-31 09:35:50,632 [INFO] CodeGenerator:896 - code generatio: config db path: C:\ST\STM32CubeIDE_1.17.0\STM32CubeIDE\plugins\com.st.stm32cube.common.mx_6.13.0.202411220809\\db\
2025-01-31 09:35:50,765 [INFO] CodeEngine:255 - oldGeneratedFile, C:\Users\cp199\OneDrive\Documentos\STM32Projects\STM32F_ExampleCodes_HAL\GPIO_Control\MXTmpFiles\license.tmp_save
2025-01-31 09:35:50,981 [INFO] CodeEngine:279 - Generated code: C:\Users\cp199\OneDrive\Documentos\STM32Projects\STM32F_ExampleCodes_HAL\GPIO_Control\MXTmpFiles\license.tmp
2025-01-31 09:35:50,991 [INFO] CodeEngine:255 - oldGeneratedFile, C:\Users\cp199\OneDrive\Documentos\STM32Projects\STM32F_ExampleCodes_HAL\GPIO_Control\Core\Src\stm32f4xx_it.c_save
2025-01-31 09:35:51,101 [INFO] CodeEngine:279 - Generated code: C:\Users\cp199\OneDrive\Documentos\STM32Projects\STM32F_ExampleCodes_HAL\GPIO_Control\Core\Src\stm32f4xx_it.c
2025-01-31 09:35:51,104 [INFO] CodeEngine:255 - oldGeneratedFile, C:\Users\cp199\OneDrive\Documentos\STM32Projects\STM32F_ExampleCodes_HAL\GPIO_Control\Core\Inc\stm32f4xx_it.h_save
2025-01-31 09:35:51,174 [INFO] CodeEngine:279 - Generated code: C:\Users\cp199\OneDrive\Documentos\STM32Projects\STM32F_ExampleCodes_HAL\GPIO_Control\Core\Inc\stm32f4xx_it.h
2025-01-31 09:35:51,278 [INFO] CodeEngine:255 - oldGeneratedFile, C:\Users\cp199\OneDrive\Documentos\STM32Projects\STM32F_ExampleCodes_HAL\GPIO_Control\Core\Src\stm32f4xx_hal_msp.c_save
2025-01-31 09:35:51,397 [INFO] CodeEngine:279 - Generated code: C:\Users\cp199\OneDrive\Documentos\STM32Projects\STM32F_ExampleCodes_HAL\GPIO_Control\Core\Src\stm32f4xx_hal_msp.c
2025-01-31 09:35:51,400 [INFO] CodeEngine:255 - oldGeneratedFile, C:\Users\cp199\OneDrive\Documentos\STM32Projects\STM32F_ExampleCodes_HAL\GPIO_Control\MXTmpFiles\system.tmp_save
2025-01-31 09:35:51,461 [INFO] CodeEngine:279 - Generated code: C:\Users\cp199\OneDrive\Documentos\STM32Projects\STM32F_ExampleCodes_HAL\GPIO_Control\MXTmpFiles\system.tmp
2025-01-31 09:35:51,468 [INFO] CodeEngine:311 - oldGeneratedFile, C:\Users\cp199\OneDrive\Documentos\STM32Projects\STM32F_ExampleCodes_HAL\GPIO_Control\Core\Inc\stm32f4xx_hal_conf.h_save
2025-01-31 09:35:51,560 [INFO] CodeEngine:335 - Generated code: C:\Users\cp199\OneDrive\Documentos\STM32Projects\STM32F_ExampleCodes_HAL\GPIO_Control\Core\Inc\stm32f4xx_hal_conf.h
2025-01-31 09:35:51,596 [INFO] ApiDbMcu:508 - Load IP Config File for RCC
2025-01-31 09:35:51,603 [INFO] CodeEngine:255 - oldGeneratedFile, C:\Users\cp199\OneDrive\Documentos\STM32Projects\STM32F_ExampleCodes_HAL\GPIO_Control\Core\Inc\main.h_save
2025-01-31 09:35:51,681 [INFO] CodeEngine:279 - Generated code: C:\Users\cp199\OneDrive\Documentos\STM32Projects\STM32F_ExampleCodes_HAL\GPIO_Control\Core\Inc\main.h
2025-01-31 09:35:51,683 [INFO] CodeEngine:255 - oldGeneratedFile, C:\Users\cp199\OneDrive\Documentos\STM32Projects\STM32F_ExampleCodes_HAL\GPIO_Control\Core\Src\main.c_save
2025-01-31 09:35:51,789 [INFO] CodeEngine:279 - Generated code: C:\Users\cp199\OneDrive\Documentos\STM32Projects\STM32F_ExampleCodes_HAL\GPIO_Control\Core\Src\main.c
2025-01-31 09:35:51,969 [INFO] ProjectBuilder:3289 - Time for Copy HAL[1] : 78mS.
2025-01-31 09:35:51,973 [INFO] ProjectBuilder:4876 - Project Generator version: 4.5.0-RC5
2025-01-31 09:35:52,010 [INFO] ConfigFileManager:1579 - The Die is : DIE419
2025-01-31 09:35:52,023 [INFO] ApiDbMcu:508 - Load IP Config File for FATFS
2025-01-31 09:35:52,034 [INFO] ApiDbMcu:508 - Load IP Config File for FREERTOS
2025-01-31 09:35:52,041 [INFO] ApiDbMcu:508 - Load IP Config File for LIBJPEG
2025-01-31 09:35:52,050 [INFO] ApiDbMcu:508 - Load IP Config File for LWIP
2025-01-31 09:35:52,059 [INFO] ApiDbMcu:508 - Load IP Config File for MBEDTLS
2025-01-31 09:35:52,072 [INFO] ApiDbMcu:508 - Load IP Config File for USB_DEVICE
2025-01-31 09:35:52,081 [INFO] ApiDbMcu:508 - Load IP Config File for USB_HOST
2025-01-31 09:35:52,499 [INFO] LogOutputStream:77 - [STDOUT_REDIRECT] 
2025-01-31 09:35:54,736 [INFO] ProjectBuilder:5154 - Time for Generating toolchain IDE Files: 2763mS.
2025-01-31 09:35:54,737 [INFO] ProjectBuilder:3146 - Time for Copy CMSIS : 1mS.
2025-01-31 09:35:54,738 [INFO] ProjectBuilder:3146 - Time for Copy CMSIS : 0mS.
2025-01-31 09:35:55,596 [INFO] McuFinderGlobals:76 - Set McuFinderConnectedMode to true
2025-01-31 09:35:55,599 [INFO] ApiDb:448 - Save user favorites file C:\Users\cp199/.stm32cubeide/favorites.mcus.txt: 0 item(s)
2025-01-31 09:35:55,599 [INFO] ApiDb:452 - User favorites MCUs=[]
2025-01-31 09:50:19,055 [INFO] Gpio:277 - dependency for GPIO [RCC]
2025-01-31 09:50:42,743 [INFO] Gpio:277 - dependency for GPIO [RCC]
2025-01-31 09:51:45,404 [INFO] UtilMem:75 - End SaveConfig() Used Memory: 290360344 Bytes (922746880)
2025-01-31 09:51:49,008 [INFO] UtilMem:75 - End SaveConfig() Used Memory: 485395440 Bytes (922746880)
2025-01-31 09:51:49,403 [INFO] BlockDiagram:2766 - set Specific Code input for plugin: SYS
2025-01-31 09:51:49,404 [INFO] BlockDiagram:2766 - set Specific Code input for plugin: RCC
2025-01-31 09:51:49,404 [INFO] BlockDiagram:2766 - set Specific Code input for plugin: NVIC
2025-01-31 09:51:49,404 [INFO] BlockDiagram:2766 - set Specific Code input for plugin: GPIO
2025-01-31 09:51:49,406 [INFO] CodeGenerator:896 - code generatio: config db path: C:\ST\STM32CubeIDE_1.17.0\STM32CubeIDE\plugins\com.st.stm32cube.common.mx_6.13.0.202411220809\\db\
2025-01-31 09:51:49,450 [INFO] CodeEngine:255 - oldGeneratedFile, C:\Users\cp199\OneDrive\Documentos\STM32Projects\STM32F_ExampleCodes_HAL\GPIO_Control\MXTmpFiles\license.tmp_save
2025-01-31 09:51:49,593 [INFO] CodeEngine:279 - Generated code: C:\Users\cp199\OneDrive\Documentos\STM32Projects\STM32F_ExampleCodes_HAL\GPIO_Control\MXTmpFiles\license.tmp
2025-01-31 09:51:49,617 [INFO] CodeEngine:255 - oldGeneratedFile, C:\Users\cp199\OneDrive\Documentos\STM32Projects\STM32F_ExampleCodes_HAL\GPIO_Control\MXTmpFiles\gpio.tmp_save
2025-01-31 09:51:49,725 [INFO] CodeEngine:279 - Generated code: C:\Users\cp199\OneDrive\Documentos\STM32Projects\STM32F_ExampleCodes_HAL\GPIO_Control\MXTmpFiles\gpio.tmp
2025-01-31 09:51:49,744 [INFO] CodeEngine:255 - oldGeneratedFile, C:\Users\cp199\OneDrive\Documentos\STM32Projects\STM32F_ExampleCodes_HAL\GPIO_Control\Core\Src\stm32f4xx_it.c_save
2025-01-31 09:51:49,898 [INFO] CodeEngine:279 - Generated code: C:\Users\cp199\OneDrive\Documentos\STM32Projects\STM32F_ExampleCodes_HAL\GPIO_Control\Core\Src\stm32f4xx_it.c
2025-01-31 09:51:49,910 [INFO] CodeEngine:255 - oldGeneratedFile, C:\Users\cp199\OneDrive\Documentos\STM32Projects\STM32F_ExampleCodes_HAL\GPIO_Control\Core\Inc\stm32f4xx_it.h_save
2025-01-31 09:51:49,953 [INFO] CodeEngine:279 - Generated code: C:\Users\cp199\OneDrive\Documentos\STM32Projects\STM32F_ExampleCodes_HAL\GPIO_Control\Core\Inc\stm32f4xx_it.h
2025-01-31 09:51:49,967 [INFO] CodeEngine:255 - oldGeneratedFile, C:\Users\cp199\OneDrive\Documentos\STM32Projects\STM32F_ExampleCodes_HAL\GPIO_Control\Core\Src\stm32f4xx_hal_msp.c_save
2025-01-31 09:51:50,037 [INFO] CodeEngine:279 - Generated code: C:\Users\cp199\OneDrive\Documentos\STM32Projects\STM32F_ExampleCodes_HAL\GPIO_Control\Core\Src\stm32f4xx_hal_msp.c
2025-01-31 09:51:50,040 [INFO] CodeEngine:255 - oldGeneratedFile, C:\Users\cp199\OneDrive\Documentos\STM32Projects\STM32F_ExampleCodes_HAL\GPIO_Control\MXTmpFiles\system.tmp_save
2025-01-31 09:51:50,082 [INFO] CodeEngine:279 - Generated code: C:\Users\cp199\OneDrive\Documentos\STM32Projects\STM32F_ExampleCodes_HAL\GPIO_Control\MXTmpFiles\system.tmp
2025-01-31 09:51:50,097 [INFO] CodeEngine:311 - oldGeneratedFile, C:\Users\cp199\OneDrive\Documentos\STM32Projects\STM32F_ExampleCodes_HAL\GPIO_Control\Core\Inc\stm32f4xx_hal_conf.h_save
2025-01-31 09:51:50,164 [INFO] CodeEngine:335 - Generated code: C:\Users\cp199\OneDrive\Documentos\STM32Projects\STM32F_ExampleCodes_HAL\GPIO_Control\Core\Inc\stm32f4xx_hal_conf.h
2025-01-31 09:51:50,206 [INFO] CodeEngine:255 - oldGeneratedFile, C:\Users\cp199\OneDrive\Documentos\STM32Projects\STM32F_ExampleCodes_HAL\GPIO_Control\Core\Inc\main.h_save
2025-01-31 09:51:50,305 [INFO] CodeEngine:279 - Generated code: C:\Users\cp199\OneDrive\Documentos\STM32Projects\STM32F_ExampleCodes_HAL\GPIO_Control\Core\Inc\main.h
2025-01-31 09:51:50,316 [INFO] CodeEngine:255 - oldGeneratedFile, C:\Users\cp199\OneDrive\Documentos\STM32Projects\STM32F_ExampleCodes_HAL\GPIO_Control\Core\Src\main.c_save
2025-01-31 09:51:50,404 [INFO] CodeEngine:279 - Generated code: C:\Users\cp199\OneDrive\Documentos\STM32Projects\STM32F_ExampleCodes_HAL\GPIO_Control\Core\Src\main.c
2025-01-31 09:51:50,579 [INFO] ProjectBuilder:3289 - Time for Copy HAL[1] : 94mS.
2025-01-31 09:51:50,582 [INFO] ProjectBuilder:4876 - Project Generator version: 4.5.0-RC5
2025-01-31 09:51:50,623 [INFO] ConfigFileManager:1579 - The Die is : DIE419
2025-01-31 09:51:51,304 [INFO] ProjectBuilder:5154 - Time for Generating toolchain IDE Files: 722mS.
2025-01-31 09:51:51,305 [INFO] ProjectBuilder:3146 - Time for Copy CMSIS : 0mS.
2025-01-31 09:51:51,306 [INFO] ProjectBuilder:3146 - Time for Copy CMSIS : 0mS.
2025-01-31 10:02:19,746 [INFO] UtilMem:75 - End SaveConfig() Used Memory: 590712616 Bytes (849346560)
2025-01-31 10:02:20,066 [INFO] BlockDiagram:2766 - set Specific Code input for plugin: SYS
2025-01-31 10:02:20,066 [INFO] BlockDiagram:2766 - set Specific Code input for plugin: RCC
2025-01-31 10:02:20,067 [INFO] BlockDiagram:2766 - set Specific Code input for plugin: NVIC
2025-01-31 10:02:20,067 [INFO] BlockDiagram:2766 - set Specific Code input for plugin: GPIO
2025-01-31 10:02:20,068 [INFO] CodeGenerator:896 - code generatio: config db path: C:\ST\STM32CubeIDE_1.17.0\STM32CubeIDE\plugins\com.st.stm32cube.common.mx_6.13.0.202411220809\\db\
2025-01-31 10:02:20,141 [INFO] CodeEngine:255 - oldGeneratedFile, C:\Users\cp199\OneDrive\Documentos\STM32Projects\STM32F_ExampleCodes_HAL\GPIO_Control\MXTmpFiles\license.tmp_save
2025-01-31 10:02:20,269 [INFO] CodeEngine:279 - Generated code: C:\Users\cp199\OneDrive\Documentos\STM32Projects\STM32F_ExampleCodes_HAL\GPIO_Control\MXTmpFiles\license.tmp
2025-01-31 10:02:20,279 [INFO] CodeEngine:255 - oldGeneratedFile, C:\Users\cp199\OneDrive\Documentos\STM32Projects\STM32F_ExampleCodes_HAL\GPIO_Control\MXTmpFiles\gpio.tmp_save
2025-01-31 10:02:20,375 [INFO] CodeEngine:279 - Generated code: C:\Users\cp199\OneDrive\Documentos\STM32Projects\STM32F_ExampleCodes_HAL\GPIO_Control\MXTmpFiles\gpio.tmp
2025-01-31 10:02:20,395 [INFO] CodeEngine:255 - oldGeneratedFile, C:\Users\cp199\OneDrive\Documentos\STM32Projects\STM32F_ExampleCodes_HAL\GPIO_Control\Core\Src\stm32f4xx_it.c_save
2025-01-31 10:02:20,486 [INFO] CodeEngine:279 - Generated code: C:\Users\cp199\OneDrive\Documentos\STM32Projects\STM32F_ExampleCodes_HAL\GPIO_Control\Core\Src\stm32f4xx_it.c
2025-01-31 10:02:20,498 [INFO] CodeEngine:255 - oldGeneratedFile, C:\Users\cp199\OneDrive\Documentos\STM32Projects\STM32F_ExampleCodes_HAL\GPIO_Control\Core\Inc\stm32f4xx_it.h_save
2025-01-31 10:02:20,553 [INFO] CodeEngine:279 - Generated code: C:\Users\cp199\OneDrive\Documentos\STM32Projects\STM32F_ExampleCodes_HAL\GPIO_Control\Core\Inc\stm32f4xx_it.h
2025-01-31 10:02:20,570 [INFO] CodeEngine:255 - oldGeneratedFile, C:\Users\cp199\OneDrive\Documentos\STM32Projects\STM32F_ExampleCodes_HAL\GPIO_Control\Core\Src\stm32f4xx_hal_msp.c_save
2025-01-31 10:02:20,646 [INFO] CodeEngine:279 - Generated code: C:\Users\cp199\OneDrive\Documentos\STM32Projects\STM32F_ExampleCodes_HAL\GPIO_Control\Core\Src\stm32f4xx_hal_msp.c
2025-01-31 10:02:20,650 [INFO] CodeEngine:255 - oldGeneratedFile, C:\Users\cp199\OneDrive\Documentos\STM32Projects\STM32F_ExampleCodes_HAL\GPIO_Control\MXTmpFiles\system.tmp_save
2025-01-31 10:02:20,702 [INFO] CodeEngine:279 - Generated code: C:\Users\cp199\OneDrive\Documentos\STM32Projects\STM32F_ExampleCodes_HAL\GPIO_Control\MXTmpFiles\system.tmp
2025-01-31 10:02:20,718 [INFO] CodeEngine:311 - oldGeneratedFile, C:\Users\cp199\OneDrive\Documentos\STM32Projects\STM32F_ExampleCodes_HAL\GPIO_Control\Core\Inc\stm32f4xx_hal_conf.h_save
2025-01-31 10:02:20,786 [INFO] CodeEngine:335 - Generated code: C:\Users\cp199\OneDrive\Documentos\STM32Projects\STM32F_ExampleCodes_HAL\GPIO_Control\Core\Inc\stm32f4xx_hal_conf.h
2025-01-31 10:02:20,828 [INFO] CodeEngine:255 - oldGeneratedFile, C:\Users\cp199\OneDrive\Documentos\STM32Projects\STM32F_ExampleCodes_HAL\GPIO_Control\Core\Inc\main.h_save
2025-01-31 10:02:20,883 [INFO] CodeEngine:279 - Generated code: C:\Users\cp199\OneDrive\Documentos\STM32Projects\STM32F_ExampleCodes_HAL\GPIO_Control\Core\Inc\main.h
2025-01-31 10:02:20,897 [INFO] CodeEngine:255 - oldGeneratedFile, C:\Users\cp199\OneDrive\Documentos\STM32Projects\STM32F_ExampleCodes_HAL\GPIO_Control\Core\Src\main.c_save
2025-01-31 10:02:20,959 [INFO] CodeEngine:279 - Generated code: C:\Users\cp199\OneDrive\Documentos\STM32Projects\STM32F_ExampleCodes_HAL\GPIO_Control\Core\Src\main.c
2025-01-31 10:02:21,135 [INFO] ProjectBuilder:3289 - Time for Copy HAL[1] : 93mS.
2025-01-31 10:02:21,138 [INFO] ProjectBuilder:4876 - Project Generator version: 4.5.0-RC5
2025-01-31 10:02:21,180 [INFO] ConfigFileManager:1579 - The Die is : DIE419
2025-01-31 10:02:21,663 [INFO] ProjectBuilder:5154 - Time for Generating toolchain IDE Files: 526mS.
2025-01-31 10:02:21,665 [INFO] ProjectBuilder:3146 - Time for Copy CMSIS : 0mS.
2025-01-31 10:02:21,666 [INFO] ProjectBuilder:3146 - Time for Copy CMSIS : 0mS.
2025-01-31 10:03:04,512 [INFO] IPUIPlugin:80 - create IPUIPlugin
2025-01-31 10:03:04,512 [INFO] IPUIPlugin:80 - create IPUIPlugin
2025-01-31 10:03:04,529 [INFO] IPUIPlugin:80 - create IPUIPlugin
